TN:
SF:D:\Users\viktitors\Documents\INGENIERÍA INFORMÁTICA\4º Ingeniería del Software\4.2 Ingeniería del Software\Trabajo Fin de Grado\proyecto2\TFG\src\polyfills.ts
FNF:0
FNH:0
DA:64,1
DA:66,1
LF:2
LH:2
BRDA:66,0,0,1
BRDA:66,0,1,1
BRF:2
BRH:2
end_of_record
TN:
SF:D:\Users\viktitors\Documents\INGENIERÍA INFORMÁTICA\4º Ingeniería del Software\4.2 Ingeniería del Software\Trabajo Fin de Grado\proyecto2\TFG\src\test.ts
FNF:0
FNH:0
DA:13,1
DA:15,1
DA:17,1
LF:3
LH:3
BRF:0
BRH:0
end_of_record
TN:
SF:D:\Users\viktitors\Documents\INGENIERÍA INFORMÁTICA\4º Ingeniería del Software\4.2 Ingeniería del Software\Trabajo Fin de Grado\proyecto2\TFG\src\app\app.component.ts
FN:19,(anonymous_0)
FN:27,(anonymous_1)
FN:38,(anonymous_2)
FN:43,(anonymous_3)
FN:50,(anonymous_4)
FN:51,(anonymous_5)
FN:54,(anonymous_6)
FN:62,(anonymous_7)
FNF:8
FNH:2
FNDA:1,(anonymous_0)
FNDA:0,(anonymous_1)
FNDA:0,(anonymous_2)
FNDA:0,(anonymous_3)
FNDA:0,(anonymous_4)
FNDA:0,(anonymous_5)
FNDA:0,(anonymous_6)
FNDA:1,(anonymous_7)
DA:11,1
DA:18,1
DA:20,1
DA:21,1
DA:22,1
DA:23,1
DA:24,1
DA:29,0
DA:30,0
DA:33,0
DA:36,0
DA:38,0
DA:41,0
DA:44,0
DA:45,0
DA:46,0
DA:48,0
DA:50,0
DA:51,0
DA:55,0
DA:56,0
DA:57,0
DA:63,1
LF:23
LH:8
BRDA:29,0,0,0
BRDA:29,0,1,0
BRDA:56,1,0,0
BRDA:56,1,1,0
BRF:4
BRH:0
end_of_record
TN:
SF:D:\Users\viktitors\Documents\INGENIERÍA INFORMÁTICA\4º Ingeniería del Software\4.2 Ingeniería del Software\Trabajo Fin de Grado\proyecto2\TFG\src\app\material.module.ts
FNF:0
FNH:0
DA:95,1
LF:1
LH:1
BRF:0
BRH:0
end_of_record
TN:
SF:D:\Users\viktitors\Documents\INGENIERÍA INFORMÁTICA\4º Ingeniería del Software\4.2 Ingeniería del Software\Trabajo Fin de Grado\proyecto2\TFG\src\app\about\about.component.ts
FN:13,(anonymous_0)
FN:15,(anonymous_1)
FNF:2
FNH:2
FNDA:1,(anonymous_0)
FNDA:1,(anonymous_1)
DA:10,1
DA:11,1
LF:2
LH:2
BRF:0
BRH:0
end_of_record
TN:
SF:D:\Users\viktitors\Documents\INGENIERÍA INFORMÁTICA\4º Ingeniería del Software\4.2 Ingeniería del Software\Trabajo Fin de Grado\proyecto2\TFG\src\app\comparer\comparer.component.ts
FN:39,(anonymous_0)
FN:45,(anonymous_1)
FN:49,(anonymous_2)
FN:54,(anonymous_3)
FN:57,(anonymous_4)
FN:63,(anonymous_5)
FN:69,(anonymous_6)
FN:70,(anonymous_7)
FN:72,(anonymous_8)
FN:85,(anonymous_9)
FN:89,(anonymous_10)
FN:91,(anonymous_11)
FN:96,(anonymous_12)
FNF:13
FNH:5
FNDA:1,(anonymous_0)
FNDA:1,(anonymous_1)
FNDA:1,(anonymous_2)
FNDA:0,(anonymous_3)
FNDA:0,(anonymous_4)
FNDA:0,(anonymous_5)
FNDA:0,(anonymous_6)
FNDA:0,(anonymous_7)
FNDA:0,(anonymous_8)
FNDA:0,(anonymous_9)
FNDA:1,(anonymous_10)
FNDA:0,(anonymous_11)
FNDA:1,(anonymous_12)
DA:15,1
DA:32,1
DA:33,1
DA:35,1
DA:37,1
DA:40,1
DA:41,1
DA:42,1
DA:46,1
DA:50,1
DA:51,1
DA:55,0
DA:57,0
DA:58,0
DA:59,0
DA:61,0
DA:63,0
DA:64,0
DA:67,0
DA:70,0
DA:71,0
DA:72,0
DA:73,0
DA:74,0
DA:75,0
DA:79,0
DA:80,0
DA:86,0
DA:92,0
DA:93,0
DA:97,1
DA:98,1
LF:32
LH:13
BRDA:71,0,0,0
BRDA:71,0,1,0
BRDA:73,1,0,0
BRDA:73,1,1,0
BRDA:93,2,0,0
BRDA:93,2,1,0
BRDA:98,3,0,0
BRDA:98,3,1,1
BRF:8
BRH:1
end_of_record
TN:
SF:D:\Users\viktitors\Documents\INGENIERÍA INFORMÁTICA\4º Ingeniería del Software\4.2 Ingeniería del Software\Trabajo Fin de Grado\proyecto2\TFG\src\app\comparer\velocity-comparer\velocity-comparer.component.ts
FN:50,(anonymous_0)
FN:52,(anonymous_1)
FN:54,(anonymous_2)
FN:60,(anonymous_3)
FN:67,(anonymous_4)
FN:84,(anonymous_5)
FN:89,(anonymous_6)
FN:95,(anonymous_7)
FN:104,(anonymous_8)
FN:139,(anonymous_9)
FN:142,(anonymous_10)
FN:147,(anonymous_11)
FN:157,(anonymous_12)
FN:159,(anonymous_13)
FN:162,(anonymous_14)
FN:182,(anonymous_15)
FN:201,(anonymous_16)
FN:212,(anonymous_17)
FN:226,(anonymous_18)
FN:233,(anonymous_19)
FN:307,(anonymous_20)
FNF:21
FNH:3
FNDA:1,(anonymous_0)
FNDA:1,(anonymous_1)
FNDA:0,(anonymous_2)
FNDA:0,(anonymous_3)
FNDA:0,(anonymous_4)
FNDA:0,(anonymous_5)
FNDA:0,(anonymous_6)
FNDA:0,(anonymous_7)
FNDA:0,(anonymous_8)
FNDA:0,(anonymous_9)
FNDA:0,(anonymous_10)
FNDA:0,(anonymous_11)
FNDA:0,(anonymous_12)
FNDA:0,(anonymous_13)
FNDA:0,(anonymous_14)
FNDA:0,(anonymous_15)
FNDA:0,(anonymous_16)
FNDA:0,(anonymous_17)
FNDA:0,(anonymous_18)
FNDA:0,(anonymous_19)
FNDA:1,(anonymous_20)
DA:5,1
DA:25,1
DA:27,1
DA:29,1
DA:34,1
DA:36,1
DA:37,1
DA:40,1
DA:47,1
DA:55,0
DA:56,0
DA:57,0
DA:62,0
DA:64,0
DA:67,0
DA:71,0
DA:72,0
DA:76,0
DA:77,0
DA:80,0
DA:85,0
DA:88,0
DA:89,0
DA:90,0
DA:94,0
DA:95,0
DA:96,0
DA:99,0
DA:101,0
DA:103,0
DA:104,0
DA:105,0
DA:107,0
DA:109,0
DA:115,0
DA:118,0
DA:140,0
DA:142,0
DA:143,0
DA:147,0
DA:148,0
DA:149,0
DA:150,0
DA:151,0
DA:159,0
DA:160,0
DA:162,0
DA:165,0
DA:166,0
DA:175,0
DA:179,0
DA:181,0
DA:182,0
DA:183,0
DA:197,0
DA:202,0
DA:203,0
DA:204,0
DA:205,0
DA:206,0
DA:207,0
DA:209,0
DA:213,0
DA:216,0
DA:217,0
DA:218,0
DA:227,0
DA:234,0
LF:68
LH:9
BRDA:90,0,0,0
BRDA:90,0,1,0
BRDA:105,1,0,0
BRDA:105,1,1,0
BRDA:143,2,0,0
BRDA:143,2,1,0
BRDA:165,3,0,0
BRDA:165,3,1,0
BRDA:275,4,0,0
BRDA:275,4,1,0
BRDA:275,4,2,0
BRF:11
BRH:0
end_of_record
TN:
SF:D:\Users\viktitors\Documents\INGENIERÍA INFORMÁTICA\4º Ingeniería del Software\4.2 Ingeniería del Software\Trabajo Fin de Grado\proyecto2\TFG\src\app\core\core.module.ts
FN:30,(anonymous_0)
FNF:1
FNH:1
FNDA:19,(anonymous_0)
DA:29,1
DA:32,19
DA:33,0
LF:3
LH:2
BRDA:32,0,0,0
BRDA:32,0,1,19
BRF:2
BRH:1
end_of_record
TN:
SF:D:\Users\viktitors\Documents\INGENIERÍA INFORMÁTICA\4º Ingeniería del Software\4.2 Ingeniería del Software\Trabajo Fin de Grado\proyecto2\TFG\src\app\core\i18n.service.ts
FN:18,extract
FN:31,(anonymous_1)
FN:43,(anonymous_2)
FN:49,(anonymous_3)
FN:57,(anonymous_4)
FN:69,(anonymous_5)
FN:76,(anonymous_6)
FN:93,(anonymous_7)
FNF:8
FNH:8
FNDA:1,extract
FNDA:11,(anonymous_1)
FNDA:6,(anonymous_2)
FNDA:3,(anonymous_3)
FNDA:1,(anonymous_4)
FNDA:9,(anonymous_5)
FNDA:6,(anonymous_6)
FNDA:1,(anonymous_7)
DA:9,1
DA:10,1
DA:19,1
DA:25,1
DA:31,11
DA:33,11
DA:34,11
DA:44,6
DA:45,6
DA:46,6
DA:49,6
DA:50,3
DA:58,1
DA:59,0
DA:70,9
DA:71,9
DA:74,9
DA:75,2
DA:76,6
DA:77,2
DA:81,9
DA:82,1
DA:85,9
DA:86,9
DA:94,1
LF:25
LH:24
BRDA:58,0,0,0
BRDA:58,0,1,1
BRDA:70,1,0,9
BRDA:70,1,1,6
BRDA:70,1,2,5
BRDA:74,2,0,2
BRDA:74,2,1,7
BRDA:74,3,0,9
BRDA:74,3,1,9
BRDA:76,4,0,2
BRDA:76,4,1,1
BRDA:81,5,0,1
BRDA:81,5,1,8
BRF:13
BRH:12
end_of_record
TN:
SF:D:\Users\viktitors\Documents\INGENIERÍA INFORMÁTICA\4º Ingeniería del Software\4.2 Ingeniería del Software\Trabajo Fin de Grado\proyecto2\TFG\src\app\core\index.ts
FNF:0
FNH:0
LF:0
LH:0
BRF:0
BRH:0
end_of_record
TN:
SF:D:\Users\viktitors\Documents\INGENIERÍA INFORMÁTICA\4º Ingeniería del Software\4.2 Ingeniería del Software\Trabajo Fin de Grado\proyecto2\TFG\src\app\core\logger.service.ts
FN:37,(anonymous_0)
FN:70,(anonymous_1)
FN:66,(anonymous_2)
FN:76,(anonymous_3)
FN:84,(anonymous_4)
FN:92,(anonymous_5)
FN:100,(anonymous_6)
FN:104,(anonymous_7)
FN:108,(anonymous_8)
FNF:9
FNH:9
FNDA:1,(anonymous_0)
FNDA:10,(anonymous_1)
FNDA:1,(anonymous_2)
FNDA:46,(anonymous_3)
FNDA:2,(anonymous_4)
FNDA:2,(anonymous_5)
FNDA:3,(anonymous_6)
FNDA:53,(anonymous_7)
FNDA:8,(anonymous_8)
DA:37,1
DA:38,1
DA:39,1
DA:40,1
DA:41,1
DA:42,1
DA:55,1
DA:60,1
DA:67,1
DA:70,10
DA:77,46
DA:85,2
DA:93,2
DA:101,3
DA:105,53
DA:106,51
DA:107,51
DA:108,51
LF:18
LH:18
BRDA:37,0,0,1
BRDA:37,0,1,1
BRDA:105,1,0,51
BRDA:105,1,1,2
BRDA:106,2,0,51
BRDA:106,2,1,0
BRF:6
BRH:5
end_of_record
TN:
SF:D:\Users\viktitors\Documents\INGENIERÍA INFORMÁTICA\4º Ingeniería del Software\4.2 Ingeniería del Software\Trabajo Fin de Grado\proyecto2\TFG\src\app\core\route-reusable-strategy.ts
FN:9,(anonymous_0)
FN:13,(anonymous_1)
FN:15,(anonymous_2)
FN:19,(anonymous_3)
FN:23,(anonymous_4)
FNF:5
FNH:0
FNDA:0,(anonymous_0)
FNDA:0,(anonymous_1)
FNDA:0,(anonymous_2)
FNDA:0,(anonymous_3)
FNDA:0,(anonymous_4)
DA:10,0
DA:16,0
DA:20,0
DA:24,0
LF:4
LH:0
BRDA:24,0,0,0
BRDA:24,0,1,0
BRF:2
BRH:0
end_of_record
TN:
SF:D:\Users\viktitors\Documents\INGENIERÍA INFORMÁTICA\4º Ingeniería del Software\4.2 Ingeniería del Software\Trabajo Fin de Grado\proyecto2\TFG\src\app\core\until-destroyed.ts
FN:37,untilDestroyed
FN:38,(anonymous_1)
FN:51,(anonymous_2)
FNF:3
FNH:3
FNDA:28,untilDestroyed
FNDA:28,(anonymous_1)
FNDA:18,(anonymous_2)
DA:4,1
DA:38,28
DA:39,28
DA:40,28
DA:42,28
DA:43,1
DA:48,27
DA:49,19
DA:51,19
DA:52,18
DA:53,18
DA:55,18
DA:56,18
DA:60,27
LF:14
LH:14
BRDA:37,0,0,27
BRDA:42,1,0,1
BRDA:42,1,1,27
BRDA:48,2,0,19
BRDA:48,2,1,8
BRDA:52,3,0,18
BRDA:52,3,1,0
BRF:7
BRH:6
end_of_record
TN:
SF:D:\Users\viktitors\Documents\INGENIERÍA INFORMÁTICA\4º Ingeniería del Software\4.2 Ingeniería del Software\Trabajo Fin de Grado\proyecto2\TFG\src\app\core\authentication\authentication.guard.ts
FN:13,(anonymous_0)
FN:15,(anonymous_1)
FNF:2
FNH:2
FNDA:2,(anonymous_0)
FNDA:1,(anonymous_1)
DA:7,1
DA:12,1
DA:13,2
DA:16,1
DA:17,1
DA:21,0
DA:22,0
DA:25,0
DA:26,0
DA:27,0
LF:10
LH:5
BRDA:16,0,0,1
BRDA:16,0,1,0
BRDA:21,1,0,0
BRDA:21,1,1,0
BRDA:21,2,0,0
BRDA:21,2,1,0
BRF:6
BRH:1
end_of_record
TN:
SF:D:\Users\viktitors\Documents\INGENIERÍA INFORMÁTICA\4º Ingeniería del Software\4.2 Ingeniería del Software\Trabajo Fin de Grado\proyecto2\TFG\src\app\core\authentication\authentication.service.mock.ts
FN:6,(anonymous_0)
FN:13,(anonymous_1)
FN:21,(anonymous_2)
FNF:3
FNH:1
FNDA:2,(anonymous_0)
FNDA:0,(anonymous_1)
FNDA:0,(anonymous_2)
DA:7,2
DA:14,0
DA:22,0
DA:23,0
LF:4
LH:1
BRF:0
BRH:0
end_of_record
TN:
SF:D:\Users\viktitors\Documents\INGENIERÍA INFORMÁTICA\4º Ingeniería del Software\4.2 Ingeniería del Software\Trabajo Fin de Grado\proyecto2\TFG\src\app\core\authentication\authentication.service.ts
FN:20,(anonymous_0)
FN:27,(anonymous_1)
FN:42,(anonymous_2)
FNF:3
FNH:3
FNDA:6,(anonymous_0)
FNDA:5,(anonymous_1)
FNDA:1,(anonymous_2)
DA:19,1
DA:20,6
DA:29,5
DA:34,5
DA:35,5
DA:44,1
DA:45,1
LF:7
LH:7
BRF:0
BRH:0
end_of_record
TN:
SF:D:\Users\viktitors\Documents\INGENIERÍA INFORMÁTICA\4º Ingeniería del Software\4.2 Ingeniería del Software\Trabajo Fin de Grado\proyecto2\TFG\src\app\core\authentication\credentials.service.mock.ts
FN:3,(anonymous_0)
FN:10,(anonymous_1)
FN:14,(anonymous_2)
FNF:3
FNH:3
FNDA:9,(anonymous_0)
FNDA:5,(anonymous_1)
FNDA:6,(anonymous_2)
DA:4,9
DA:11,5
DA:15,6
LF:3
LH:3
BRDA:15,0,0,6
BRDA:15,0,1,1
BRF:2
BRH:2
end_of_record
TN:
SF:D:\Users\viktitors\Documents\INGENIERÍA INFORMÁTICA\4º Ingeniería del Software\4.2 Ingeniería del Software\Trabajo Fin de Grado\proyecto2\TFG\src\app\core\authentication\credentials.service.ts
FN:22,(anonymous_0)
FN:33,(anonymous_1)
FN:45,(anonymous_2)
FN:56,(anonymous_3)
FNF:4
FNH:4
FNDA:15,(anonymous_0)
FNDA:3,(anonymous_1)
FNDA:17,(anonymous_2)
FNDA:5,(anonymous_3)
DA:10,1
DA:19,1
DA:20,15
DA:23,15
DA:24,15
DA:25,0
DA:34,3
DA:46,17
DA:57,5
DA:59,5
DA:60,3
DA:61,3
DA:63,2
DA:64,2
LF:14
LH:13
BRDA:23,0,0,15
BRDA:23,0,1,15
BRDA:24,1,0,0
BRDA:24,1,1,15
BRDA:57,2,0,5
BRDA:57,2,1,2
BRDA:59,3,0,3
BRDA:59,3,1,2
BRDA:60,4,0,1
BRDA:60,4,1,2
BRF:10
BRH:9
end_of_record
TN:
SF:D:\Users\viktitors\Documents\INGENIERÍA INFORMÁTICA\4º Ingeniería del Software\4.2 Ingeniería del Software\Trabajo Fin de Grado\proyecto2\TFG\src\app\core\http\api-prefix.interceptor.ts
FN:14,(anonymous_0)
FNF:1
FNH:1
FNDA:16,(anonymous_0)
DA:13,1
DA:15,16
DA:16,15
DA:18,16
LF:4
LH:4
BRDA:15,0,0,15
BRDA:15,0,1,1
BRF:2
BRH:2
end_of_record
TN:
SF:D:\Users\viktitors\Documents\INGENIERÍA INFORMÁTICA\4º Ingeniería del Software\4.2 Ingeniería del Software\Trabajo Fin de Grado\proyecto2\TFG\src\app\core\http\cache.interceptor.ts
FN:17,(anonymous_0)
FN:24,(anonymous_1)
FN:32,(anonymous_2)
FN:37,(anonymous_3)
FN:45,(anonymous_4)
FN:51,(anonymous_5)
FN:52,(anonymous_6)
FNF:7
FNH:7
FNDA:10,(anonymous_0)
FNDA:5,(anonymous_1)
FNDA:5,(anonymous_2)
FNDA:5,(anonymous_3)
FNDA:7,(anonymous_4)
FNDA:1,(anonymous_5)
FNDA:3,(anonymous_6)
DA:14,1
DA:15,10
DA:17,10
DA:25,5
DA:26,5
DA:27,1
DA:29,5
DA:33,5
DA:34,0
DA:37,5
DA:38,5
DA:39,5
DA:41,1
DA:42,1
DA:44,4
DA:46,7
DA:47,3
DA:49,7
DA:51,1
DA:52,3
LF:20
LH:19
BRDA:26,0,0,1
BRDA:26,0,1,4
BRDA:26,1,0,5
BRDA:26,1,1,2
BRDA:33,2,0,0
BRDA:33,2,1,5
BRDA:38,3,0,1
BRDA:38,3,1,4
BRDA:39,4,0,1
BRDA:39,4,1,4
BRDA:46,5,0,3
BRDA:46,5,1,4
BRF:12
BRH:11
end_of_record
TN:
SF:D:\Users\viktitors\Documents\INGENIERÍA INFORMÁTICA\4º Ingeniería del Software\4.2 Ingeniería del Software\Trabajo Fin de Grado\proyecto2\TFG\src\app\core\http\error-handler.interceptor.ts
FN:20,(anonymous_0)
FN:24,(anonymous_1)
FN:25,(anonymous_2)
FN:29,(anonymous_3)
FNF:4
FNH:4
FNDA:18,(anonymous_0)
FNDA:15,(anonymous_1)
FNDA:1,(anonymous_2)
FNDA:1,(anonymous_3)
DA:11,1
DA:19,1
DA:20,18
DA:25,15
DA:30,1
DA:31,1
DA:33,1
DA:36,1
DA:37,1
LF:9
LH:9
BRDA:31,0,0,1
BRDA:31,0,1,0
BRF:2
BRH:1
end_of_record
TN:
SF:D:\Users\viktitors\Documents\INGENIERÍA INFORMÁTICA\4º Ingeniería del Software\4.2 Ingeniería del Software\Trabajo Fin de Grado\proyecto2\TFG\src\app\core\http\http-cache.service.ts
FN:24,(anonymous_0)
FN:34,(anonymous_1)
FN:48,(anonymous_2)
FN:64,(anonymous_3)
FN:72,(anonymous_4)
FN:82,(anonymous_5)
FN:84,(anonymous_6)
FN:101,(anonymous_7)
FN:107,(anonymous_8)
FN:113,(anonymous_9)
FNF:10
FNH:10
FNDA:24,(anonymous_0)
FNDA:21,(anonymous_1)
FNDA:24,(anonymous_2)
FNDA:4,(anonymous_3)
FNDA:2,(anonymous_4)
FNDA:28,(anonymous_5)
FNDA:3,(anonymous_6)
FNDA:6,(anonymous_7)
FNDA:51,(anonymous_8)
FNDA:30,(anonymous_9)
DA:6,1
DA:7,1
DA:20,1
DA:21,24
DA:22,24
DA:25,24
DA:35,21
DA:39,21
DA:40,21
DA:49,24
DA:51,24
DA:52,12
DA:53,12
DA:56,12
DA:65,4
DA:73,2
DA:74,2
DA:75,2
DA:83,28
DA:84,2
DA:85,3
DA:86,2
DA:90,26
DA:92,28
DA:102,6
DA:103,6
DA:104,6
DA:108,51
DA:109,2
DA:114,30
DA:115,30
LF:31
LH:31
BRDA:36,0,0,21
BRDA:36,0,1,18
BRDA:51,1,0,12
BRDA:51,1,1,12
BRDA:65,2,0,4
BRDA:65,2,1,1
BRDA:83,3,0,2
BRDA:83,3,1,26
BRDA:85,4,0,2
BRDA:85,4,1,1
BRDA:103,5,0,3
BRDA:103,5,1,3
BRDA:103,6,0,6
BRDA:103,6,1,4
BRDA:108,7,0,2
BRDA:108,7,1,49
BRDA:114,8,0,3
BRDA:114,8,1,27
BRDA:115,9,0,0
BRDA:115,9,1,30
BRF:20
BRH:19
end_of_record
TN:
SF:D:\Users\viktitors\Documents\INGENIERÍA INFORMÁTICA\4º Ingeniería del Software\4.2 Ingeniería del Software\Trabajo Fin de Grado\proyecto2\TFG\src\app\core\http\http.service.ts
FN:38,(anonymous_0)
FN:40,(anonymous_1)
FN:62,(anonymous_3)
FN:75,(anonymous_4)
FN:82,(anonymous_5)
FN:86,(anonymous_6)
FN:91,(anonymous_7)
FN:93,(anonymous_8)
FN:99,(anonymous_9)
FN:103,(anonymous_10)
FN:107,(anonymous_11)
FNF:11
FNH:11
FNDA:29,(anonymous_0)
FNDA:29,(anonymous_1)
FNDA:20,(anonymous_3)
FNDA:1,(anonymous_4)
FNDA:1,(anonymous_5)
FNDA:1,(anonymous_6)
FNDA:15,(anonymous_7)
FNDA:29,(anonymous_8)
FNDA:2,(anonymous_9)
FNDA:4,(anonymous_10)
FNDA:1,(anonymous_11)
DA:38,29
DA:41,29
DA:53,1
DA:61,1
DA:63,20
DA:64,20
DA:65,20
DA:67,20
DA:69,20
DA:71,17
DA:76,1
DA:79,1
DA:83,1
DA:87,1
DA:92,15
DA:93,29
DA:96,15
DA:100,2
DA:103,4
DA:108,1
LF:20
LH:20
BRDA:65,0,0,0
BRDA:69,1,0,17
BRDA:69,1,1,3
BRF:3
BRH:2
end_of_record
TN:
SF:D:\Users\viktitors\Documents\INGENIERÍA INFORMÁTICA\4º Ingeniería del Software\4.2 Ingeniería del Software\Trabajo Fin de Grado\proyecto2\TFG\src\app\core\http\token.interceptor.ts
FN:10,(anonymous_0)
FN:12,(anonymous_1)
FN:21,(anonymous_2)
FNF:3
FNH:3
FNDA:10,(anonymous_0)
FNDA:11,(anonymous_1)
FNDA:11,(anonymous_2)
DA:9,1
DA:10,10
DA:13,11
DA:18,11
DA:22,11
DA:23,11
LF:6
LH:6
BRDA:23,0,0,2
BRDA:23,0,1,9
BRF:2
BRH:2
end_of_record
TN:
SF:D:\Users\viktitors\Documents\INGENIERÍA INFORMÁTICA\4º Ingeniería del Software\4.2 Ingeniería del Software\Trabajo Fin de Grado\proyecto2\TFG\src\app\cuenta\cuenta.component.ts
FN:33,(anonymous_0)
FN:70,(anonymous_1)
FN:73,(anonymous_2)
FN:78,(anonymous_3)
FN:97,(anonymous_4)
FN:111,(anonymous_5)
FN:125,(anonymous_6)
FN:132,(anonymous_7)
FN:149,(anonymous_9)
FN:175,(anonymous_10)
FN:184,(anonymous_11)
FN:196,(anonymous_12)
FN:210,(anonymous_13)
FN:214,(anonymous_14)
FN:219,(anonymous_15)
FN:223,(anonymous_16)
FN:237,(anonymous_17)
FN:242,(anonymous_18)
FN:247,(anonymous_19)
FN:252,(anonymous_20)
FN:258,(anonymous_21)
FN:262,(anonymous_22)
FNF:22
FNH:6
FNDA:1,(anonymous_0)
FNDA:1,(anonymous_1)
FNDA:1,(anonymous_2)
FNDA:0,(anonymous_3)
FNDA:0,(anonymous_4)
FNDA:0,(anonymous_5)
FNDA:0,(anonymous_6)
FNDA:0,(anonymous_7)
FNDA:0,(anonymous_9)
FNDA:0,(anonymous_10)
FNDA:0,(anonymous_11)
FNDA:0,(anonymous_12)
FNDA:0,(anonymous_13)
FNDA:0,(anonymous_14)
FNDA:0,(anonymous_15)
FNDA:1,(anonymous_16)
FNDA:0,(anonymous_17)
FNDA:1,(anonymous_18)
FNDA:0,(anonymous_19)
FNDA:0,(anonymous_20)
FNDA:0,(anonymous_21)
FNDA:1,(anonymous_22)
DA:20,1
DA:21,1
DA:31,1
DA:34,1
DA:35,1
DA:36,1
DA:37,1
DA:38,1
DA:39,1
DA:40,1
DA:42,1
DA:55,1
DA:71,1
DA:73,1
DA:75,1
DA:79,0
DA:83,0
DA:84,0
DA:85,0
DA:86,0
DA:87,0
DA:92,0
DA:100,0
DA:101,0
DA:102,0
DA:103,0
DA:104,0
DA:105,0
DA:107,0
DA:113,0
DA:118,0
DA:120,0
DA:121,0
DA:122,0
DA:133,0
DA:134,0
DA:135,0
DA:138,0
DA:139,0
DA:141,0
DA:150,0
DA:151,0
DA:152,0
DA:153,0
DA:155,0
DA:156,0
DA:157,0
DA:158,0
DA:160,0
DA:161,0
DA:162,0
DA:163,0
DA:166,0
DA:168,0
DA:170,0
DA:172,0
DA:185,0
DA:192,0
DA:193,0
DA:197,0
DA:205,0
DA:207,0
DA:211,0
DA:212,0
DA:215,0
DA:216,0
DA:220,0
DA:225,1
DA:229,1
DA:230,1
DA:231,1
DA:232,1
DA:234,1
DA:238,0
DA:239,0
DA:243,1
DA:244,1
DA:248,0
DA:249,0
DA:253,0
DA:259,0
LF:81
LH:23
BRDA:133,0,0,0
BRDA:133,0,1,0
BRDA:166,1,0,0
BRDA:166,1,1,0
BRDA:166,2,0,0
BRDA:166,2,1,0
BRDA:185,3,0,0
BRDA:185,3,1,0
BRDA:186,4,0,0
BRDA:186,4,1,0
BRDA:186,4,2,0
BRDA:186,4,3,0
BRDA:186,4,4,0
BRDA:197,5,0,0
BRDA:197,5,1,0
BRDA:198,6,0,0
BRDA:198,6,1,0
BRDA:198,6,2,0
BRDA:198,6,3,0
BRDA:198,6,4,0
BRDA:198,6,5,0
BRDA:211,7,0,0
BRDA:211,7,1,0
BRDA:211,8,0,0
BRDA:211,8,1,0
BRDA:215,9,0,0
BRDA:215,9,1,0
BRDA:215,10,0,0
BRDA:215,10,1,0
BRDA:220,11,0,0
BRDA:220,11,1,0
BRDA:231,12,0,0
BRDA:231,12,1,1
BRDA:231,13,0,1
BRDA:231,13,1,1
BRDA:231,13,2,1
BRDA:232,14,0,1
BRDA:232,14,1,0
BRDA:232,15,0,1
BRDA:232,15,1,0
BRDA:239,16,0,0
BRDA:239,16,1,0
BRDA:244,17,0,0
BRDA:244,17,1,1
BRDA:249,18,0,0
BRDA:249,18,1,0
BRDA:259,19,0,0
BRDA:259,19,1,0
BRF:48
BRH:7
end_of_record
TN:
SF:D:\Users\viktitors\Documents\INGENIERÍA INFORMÁTICA\4º Ingeniería del Software\4.2 Ingeniería del Software\Trabajo Fin de Grado\proyecto2\TFG\src\app\hola-mundo-service\hola-mundo-service.service.ts
FN:12,(anonymous_0)
FN:14,(anonymous_1)
FNF:2
FNH:1
FNDA:1,(anonymous_0)
FNDA:0,(anonymous_1)
DA:5,1
DA:10,1
DA:11,1
DA:12,1
DA:15,0
LF:5
LH:4
BRF:0
BRH:0
end_of_record
TN:
SF:D:\Users\viktitors\Documents\INGENIERÍA INFORMÁTICA\4º Ingeniería del Software\4.2 Ingeniería del Software\Trabajo Fin de Grado\proyecto2\TFG\src\app\login\login.component.ts
FN:24,(anonymous_0)
FN:36,(anonymous_1)
FN:38,(anonymous_2)
FN:40,(anonymous_3)
FN:50,(anonymous_4)
FN:57,(anonymous_5)
FN:67,(anonymous_6)
FN:117,(anonymous_7)
FN:121,(anonymous_8)
FN:125,(anonymous_9)
FN:129,(anonymous_10)
FNF:11
FNH:4
FNDA:1,(anonymous_0)
FNDA:1,(anonymous_1)
FNDA:1,(anonymous_2)
FNDA:0,(anonymous_3)
FNDA:0,(anonymous_4)
FNDA:0,(anonymous_5)
FNDA:0,(anonymous_6)
FNDA:0,(anonymous_7)
FNDA:0,(anonymous_8)
FNDA:0,(anonymous_9)
FNDA:1,(anonymous_10)
DA:11,1
DA:18,1
DA:19,1
DA:22,1
DA:25,1
DA:26,1
DA:27,1
DA:28,1
DA:29,1
DA:30,1
DA:31,1
DA:33,1
DA:41,0
DA:43,0
DA:44,0
DA:47,0
DA:51,0
DA:52,0
DA:59,0
DA:64,0
DA:65,0
DA:69,0
DA:118,0
DA:122,0
DA:126,0
DA:130,1
LF:26
LH:13
BRDA:65,0,0,0
BRDA:65,0,1,0
BRF:2
BRH:0
end_of_record
TN:
SF:D:\Users\viktitors\Documents\INGENIERÍA INFORMÁTICA\4º Ingeniería del Software\4.2 Ingeniería del Software\Trabajo Fin de Grado\proyecto2\TFG\src\app\models\archivos.ts
FNF:0
FNH:0
DA:3,1
DA:4,1
DA:5,1
DA:6,1
DA:7,1
DA:8,1
LF:6
LH:6
BRF:0
BRH:0
end_of_record
TN:
SF:D:\Users\viktitors\Documents\INGENIERÍA INFORMÁTICA\4º Ingeniería del Software\4.2 Ingeniería del Software\Trabajo Fin de Grado\proyecto2\TFG\src\app\models\pbis.ts
FN:2,(anonymous_0)
FNF:1
FNH:1
FNDA:1,(anonymous_0)
DA:3,1
DA:4,1
DA:5,1
DA:6,1
DA:7,1
DA:8,1
DA:9,1
DA:10,1
DA:11,1
DA:12,1
DA:13,1
LF:11
LH:11
BRF:0
BRH:0
end_of_record
TN:
SF:D:\Users\viktitors\Documents\INGENIERÍA INFORMÁTICA\4º Ingeniería del Software\4.2 Ingeniería del Software\Trabajo Fin de Grado\proyecto2\TFG\src\app\models\permisos.ts
FN:2,(anonymous_0)
FNF:1
FNH:1
FNDA:1,(anonymous_0)
DA:3,1
DA:4,1
DA:5,1
DA:6,1
DA:7,1
DA:8,1
DA:9,1
DA:10,1
DA:11,1
LF:9
LH:9
BRF:0
BRH:0
end_of_record
TN:
SF:D:\Users\viktitors\Documents\INGENIERÍA INFORMÁTICA\4º Ingeniería del Software\4.2 Ingeniería del Software\Trabajo Fin de Grado\proyecto2\TFG\src\app\models\proyectos.ts
FN:4,(anonymous_0)
FNF:1
FNH:1
FNDA:1,(anonymous_0)
DA:5,1
DA:6,1
DA:7,1
DA:8,1
DA:9,1
DA:10,1
DA:11,1
LF:7
LH:7
BRF:0
BRH:0
end_of_record
TN:
SF:D:\Users\viktitors\Documents\INGENIERÍA INFORMÁTICA\4º Ingeniería del Software\4.2 Ingeniería del Software\Trabajo Fin de Grado\proyecto2\TFG\src\app\models\sprintGoals.ts
FN:2,(anonymous_0)
FNF:1
FNH:1
FNDA:1,(anonymous_0)
DA:2,1
LF:1
LH:1
BRF:0
BRH:0
end_of_record
TN:
SF:D:\Users\viktitors\Documents\INGENIERÍA INFORMÁTICA\4º Ingeniería del Software\4.2 Ingeniería del Software\Trabajo Fin de Grado\proyecto2\TFG\src\app\models\sprints.ts
FN:2,(anonymous_0)
FNF:1
FNH:1
FNDA:1,(anonymous_0)
DA:3,1
DA:4,1
DA:5,1
DA:6,1
DA:7,1
DA:8,1
LF:6
LH:6
BRF:0
BRH:0
end_of_record
TN:
SF:D:\Users\viktitors\Documents\INGENIERÍA INFORMÁTICA\4º Ingeniería del Software\4.2 Ingeniería del Software\Trabajo Fin de Grado\proyecto2\TFG\src\app\proyecto\proyecto.component.ts
FN:60,(anonymous_0)
FN:73,(anonymous_1)
FN:76,(anonymous_2)
FN:80,(anonymous_3)
FN:88,(anonymous_4)
FN:93,(anonymous_5)
FN:103,(anonymous_6)
FN:107,(anonymous_7)
FN:115,(anonymous_8)
FN:125,(anonymous_9)
FN:136,(anonymous_10)
FN:139,(anonymous_11)
FN:144,(anonymous_12)
FN:151,(anonymous_13)
FN:157,(anonymous_14)
FN:158,(anonymous_15)
FN:162,(anonymous_16)
FN:175,(anonymous_17)
FN:183,(anonymous_18)
FN:195,(anonymous_19)
FN:209,(anonymous_20)
FN:216,(anonymous_21)
FN:229,(anonymous_22)
FN:233,(anonymous_23)
FN:241,(anonymous_24)
FN:251,(anonymous_25)
FN:260,(anonymous_26)
FN:281,(anonymous_27)
FN:292,(anonymous_28)
FN:312,(anonymous_29)
FN:322,(anonymous_30)
FN:324,(anonymous_31)
FN:329,(anonymous_32)
FNF:33
FNH:4
FNDA:1,(anonymous_0)
FNDA:1,(anonymous_1)
FNDA:1,(anonymous_2)
FNDA:0,(anonymous_3)
FNDA:0,(anonymous_4)
FNDA:0,(anonymous_5)
FNDA:0,(anonymous_6)
FNDA:0,(anonymous_7)
FNDA:0,(anonymous_8)
FNDA:0,(anonymous_9)
FNDA:0,(anonymous_10)
FNDA:0,(anonymous_11)
FNDA:0,(anonymous_12)
FNDA:0,(anonymous_13)
FNDA:0,(anonymous_14)
FNDA:0,(anonymous_15)
FNDA:0,(anonymous_16)
FNDA:0,(anonymous_17)
FNDA:0,(anonymous_18)
FNDA:0,(anonymous_19)
FNDA:0,(anonymous_20)
FNDA:0,(anonymous_21)
FNDA:0,(anonymous_22)
FNDA:0,(anonymous_23)
FNDA:0,(anonymous_24)
FNDA:0,(anonymous_25)
FNDA:0,(anonymous_26)
FNDA:0,(anonymous_27)
FNDA:0,(anonymous_28)
FNDA:0,(anonymous_29)
FNDA:1,(anonymous_30)
FNDA:0,(anonymous_31)
FNDA:0,(anonymous_32)
DA:25,1
DA:26,1
DA:27,1
DA:28,1
DA:32,1
DA:33,1
DA:35,1
DA:37,1
DA:38,1
DA:54,1
DA:56,1
DA:58,1
DA:61,1
DA:62,1
DA:63,1
DA:64,1
DA:65,1
DA:66,1
DA:67,1
DA:68,1
DA:69,1
DA:70,1
DA:74,1
DA:75,1
DA:76,1
DA:77,1
DA:81,0
DA:83,0
DA:85,0
DA:89,0
DA:90,0
DA:94,0
DA:95,0
DA:97,0
DA:104,0
DA:108,0
DA:109,0
DA:110,0
DA:111,0
DA:116,0
DA:117,0
DA:118,0
DA:119,0
DA:120,0
DA:121,0
DA:127,0
DA:128,0
DA:129,0
DA:130,0
DA:131,0
DA:132,0
DA:133,0
DA:137,0
DA:140,0
DA:141,0
DA:145,0
DA:146,0
DA:147,0
DA:152,0
DA:153,0
DA:158,0
DA:159,0
DA:163,0
DA:164,0
DA:165,0
DA:171,0
DA:172,0
DA:176,0
DA:177,0
DA:178,0
DA:179,0
DA:180,0
DA:184,0
DA:186,0
DA:187,0
DA:188,0
DA:189,0
DA:196,0
DA:197,0
DA:198,0
DA:199,0
DA:205,0
DA:206,0
DA:210,0
DA:211,0
DA:212,0
DA:213,0
DA:217,0
DA:219,0
DA:220,0
DA:221,0
DA:222,0
DA:230,0
DA:234,0
DA:236,0
DA:237,0
DA:238,0
DA:242,0
DA:243,0
DA:244,0
DA:248,0
DA:252,0
DA:253,0
DA:254,0
DA:255,0
DA:261,0
DA:276,0
DA:277,0
DA:278,0
DA:282,0
DA:283,0
DA:284,0
DA:285,0
DA:307,0
DA:308,0
DA:309,0
DA:313,0
DA:314,0
DA:315,0
DA:316,0
DA:325,0
DA:326,0
DA:330,0
DA:331,0
LF:124
LH:26
BRDA:116,0,0,0
BRDA:116,0,1,0
BRDA:118,1,0,0
BRDA:118,1,1,0
BRDA:120,2,0,0
BRDA:120,2,1,0
BRDA:152,3,0,0
BRDA:152,3,1,0
BRDA:154,4,0,0
BRDA:154,4,1,0
BRDA:159,5,0,0
BRDA:159,5,1,0
BRDA:176,6,0,0
BRDA:176,6,1,0
BRDA:179,7,0,0
BRDA:179,7,1,0
BRDA:196,8,0,0
BRDA:196,8,1,0
BRDA:210,9,0,0
BRDA:210,9,1,0
BRDA:230,10,0,0
BRDA:230,10,1,0
BRDA:236,11,0,0
BRDA:236,11,1,0
BRDA:261,12,0,0
BRDA:261,12,1,0
BRDA:326,13,0,0
BRDA:326,13,1,0
BRDA:331,14,0,0
BRDA:331,14,1,0
BRF:30
BRH:0
end_of_record
TN:
SF:D:\Users\viktitors\Documents\INGENIERÍA INFORMÁTICA\4º Ingeniería del Software\4.2 Ingeniería del Software\Trabajo Fin de Grado\proyecto2\TFG\src\app\proyecto\backlog\backlog.component.ts
FN:54,(anonymous_0)
FN:66,(anonymous_1)
FN:70,(anonymous_2)
FN:72,(anonymous_3)
FN:77,(anonymous_4)
FN:83,(anonymous_5)
FN:85,(anonymous_6)
FN:86,(anonymous_7)
FN:90,(anonymous_8)
FN:94,(anonymous_9)
FN:104,(anonymous_10)
FN:113,(anonymous_11)
FN:120,(anonymous_12)
FN:123,(anonymous_13)
FN:154,(anonymous_14)
FN:158,(anonymous_15)
FN:163,(anonymous_16)
FN:166,(anonymous_17)
FN:171,(anonymous_18)
FN:174,(anonymous_19)
FN:180,(anonymous_20)
FN:185,(anonymous_21)
FN:189,(anonymous_22)
FN:192,(anonymous_23)
FN:195,(anonymous_24)
FN:202,(anonymous_25)
FN:208,(anonymous_26)
FN:209,(anonymous_27)
FN:212,(anonymous_28)
FN:215,(anonymous_29)
FN:225,(anonymous_30)
FN:232,(anonymous_31)
FN:237,(anonymous_32)
FN:240,(anonymous_33)
FN:241,(anonymous_34)
FN:244,(anonymous_35)
FN:249,(anonymous_36)
FN:278,(anonymous_37)
FN:286,(anonymous_38)
FN:303,(anonymous_39)
FN:311,(anonymous_40)
FN:328,(anonymous_41)
FN:337,(anonymous_42)
FN:369,(anonymous_43)
FN:376,(anonymous_44)
FN:381,(anonymous_45)
FN:392,(anonymous_46)
FN:396,(anonymous_47)
FN:403,(anonymous_48)
FN:408,(anonymous_49)
FN:417,(anonymous_50)
FN:419,(anonymous_51)
FN:424,(anonymous_52)
FNF:53
FNH:5
FNDA:1,(anonymous_0)
FNDA:1,(anonymous_1)
FNDA:1,(anonymous_2)
FNDA:1,(anonymous_3)
FNDA:0,(anonymous_4)
FNDA:0,(anonymous_5)
FNDA:0,(anonymous_6)
FNDA:0,(anonymous_7)
FNDA:0,(anonymous_8)
FNDA:0,(anonymous_9)
FNDA:0,(anonymous_10)
FNDA:0,(anonymous_11)
FNDA:0,(anonymous_12)
FNDA:0,(anonymous_13)
FNDA:0,(anonymous_14)
FNDA:0,(anonymous_15)
FNDA:0,(anonymous_16)
FNDA:0,(anonymous_17)
FNDA:0,(anonymous_18)
FNDA:0,(anonymous_19)
FNDA:0,(anonymous_20)
FNDA:0,(anonymous_21)
FNDA:0,(anonymous_22)
FNDA:0,(anonymous_23)
FNDA:0,(anonymous_24)
FNDA:0,(anonymous_25)
FNDA:0,(anonymous_26)
FNDA:0,(anonymous_27)
FNDA:0,(anonymous_28)
FNDA:0,(anonymous_29)
FNDA:0,(anonymous_30)
FNDA:0,(anonymous_31)
FNDA:0,(anonymous_32)
FNDA:0,(anonymous_33)
FNDA:0,(anonymous_34)
FNDA:0,(anonymous_35)
FNDA:0,(anonymous_36)
FNDA:0,(anonymous_37)
FNDA:0,(anonymous_38)
FNDA:0,(anonymous_39)
FNDA:0,(anonymous_40)
FNDA:0,(anonymous_41)
FNDA:0,(anonymous_42)
FNDA:0,(anonymous_43)
FNDA:0,(anonymous_44)
FNDA:0,(anonymous_45)
FNDA:0,(anonymous_46)
FNDA:0,(anonymous_47)
FNDA:0,(anonymous_48)
FNDA:0,(anonymous_49)
FNDA:1,(anonymous_50)
FNDA:0,(anonymous_51)
FNDA:0,(anonymous_52)
DA:24,1
DA:25,1
DA:26,1
DA:31,1
DA:33,1
DA:34,1
DA:36,1
DA:37,1
DA:39,1
DA:40,1
DA:41,1
DA:44,1
DA:45,1
DA:47,1
DA:48,1
DA:50,1
DA:55,1
DA:56,1
DA:57,1
DA:58,1
DA:59,1
DA:60,1
DA:61,1
DA:62,1
DA:63,1
DA:67,1
DA:71,1
DA:72,1
DA:74,1
DA:79,0
DA:80,0
DA:84,0
DA:85,0
DA:86,0
DA:87,0
DA:90,0
DA:91,0
DA:95,0
DA:97,0
DA:105,0
DA:106,0
DA:108,0
DA:109,0
DA:110,0
DA:113,0
DA:114,0
DA:118,0
DA:120,0
DA:121,0
DA:123,0
DA:124,0
DA:128,0
DA:155,0
DA:156,0
DA:157,0
DA:158,0
DA:159,0
DA:161,0
DA:162,0
DA:163,0
DA:164,0
DA:166,0
DA:167,0
DA:169,0
DA:170,0
DA:171,0
DA:172,0
DA:174,0
DA:175,0
DA:181,0
DA:182,0
DA:183,0
DA:185,0
DA:189,0
DA:191,0
DA:192,0
DA:193,0
DA:195,0
DA:196,0
DA:199,0
DA:203,0
DA:204,0
DA:205,0
DA:206,0
DA:207,0
DA:208,0
DA:209,0
DA:210,0
DA:212,0
DA:216,0
DA:217,0
DA:218,0
DA:219,0
DA:220,0
DA:221,0
DA:222,0
DA:226,0
DA:227,0
DA:228,0
DA:229,0
DA:233,0
DA:234,0
DA:238,0
DA:240,0
DA:241,0
DA:242,0
DA:244,0
DA:245,0
DA:250,0
DA:252,0
DA:253,0
DA:254,0
DA:255,0
DA:274,0
DA:275,0
DA:279,0
DA:280,0
DA:287,0
DA:289,0
DA:290,0
DA:291,0
DA:292,0
DA:299,0
DA:300,0
DA:304,0
DA:305,0
DA:312,0
DA:314,0
DA:315,0
DA:316,0
DA:317,0
DA:324,0
DA:325,0
DA:329,0
DA:330,0
DA:331,0
DA:339,0
DA:340,0
DA:345,0
DA:346,0
DA:347,0
DA:352,0
DA:370,0
DA:371,0
DA:373,0
DA:382,0
DA:383,0
DA:384,0
DA:386,0
DA:387,0
DA:389,0
DA:393,0
DA:399,0
DA:405,0
DA:413,0
DA:420,0
DA:421,0
DA:425,0
DA:426,0
LF:159
LH:29
BRDA:105,0,0,0
BRDA:105,0,1,0
BRDA:114,1,0,0
BRDA:114,1,1,0
BRDA:115,2,0,0
BRDA:115,2,1,0
BRDA:115,2,2,0
BRDA:115,2,3,0
BRDA:124,3,0,0
BRDA:124,3,1,0
BRDA:125,4,0,0
BRDA:125,4,1,0
BRDA:125,4,2,0
BRDA:125,4,3,0
BRDA:156,5,0,0
BRDA:156,5,1,0
BRDA:161,6,0,0
BRDA:161,6,1,0
BRDA:169,7,0,0
BRDA:169,7,1,0
BRDA:182,8,0,0
BRDA:182,8,1,0
BRDA:193,9,0,0
BRDA:193,9,1,0
BRDA:193,10,0,0
BRDA:193,10,1,0
BRDA:196,11,0,0
BRDA:196,11,1,0
BRDA:196,12,0,0
BRDA:196,12,1,0
BRDA:216,13,0,0
BRDA:216,13,1,0
BRDA:217,14,0,0
BRDA:217,14,1,0
BRDA:219,15,0,0
BRDA:219,15,1,0
BRDA:220,16,0,0
BRDA:220,16,1,0
BRDA:221,17,0,0
BRDA:221,17,1,0
BRDA:222,18,0,0
BRDA:222,18,1,0
BRDA:226,19,0,0
BRDA:226,19,1,0
BRDA:227,20,0,0
BRDA:227,20,1,0
BRDA:228,21,0,0
BRDA:228,21,1,0
BRDA:229,22,0,0
BRDA:229,22,1,0
BRDA:279,23,0,0
BRDA:279,23,1,0
BRDA:304,24,0,0
BRDA:304,24,1,0
BRDA:329,25,0,0
BRDA:329,25,1,0
BRDA:339,26,0,0
BRDA:339,26,1,0
BRDA:382,27,0,0
BRDA:382,27,1,0
BRDA:421,28,0,0
BRDA:421,28,1,0
BRDA:426,29,0,0
BRDA:426,29,1,0
BRF:64
BRH:0
end_of_record
TN:
SF:D:\Users\viktitors\Documents\INGENIERÍA INFORMÁTICA\4º Ingeniería del Software\4.2 Ingeniería del Software\Trabajo Fin de Grado\proyecto2\TFG\src\app\proyecto\backlog\pbiDialog\pbiDialog.component.ts
FN:79,(anonymous_0)
FN:126,(anonymous_1)
FN:135,(anonymous_2)
FN:140,(anonymous_3)
FN:147,(anonymous_4)
FN:163,(anonymous_5)
FN:165,(anonymous_6)
FN:176,(anonymous_7)
FN:184,(anonymous_8)
FN:190,(anonymous_9)
FN:194,(anonymous_10)
FN:200,(anonymous_11)
FN:205,(anonymous_12)
FN:211,(anonymous_13)
FN:221,(anonymous_14)
FN:226,(anonymous_15)
FN:230,(anonymous_16)
FN:235,(anonymous_17)
FN:250,(anonymous_18)
FN:256,(anonymous_19)
FN:266,(anonymous_20)
FN:271,(anonymous_21)
FN:272,(anonymous_22)
FN:280,(anonymous_23)
FN:291,(anonymous_24)
FN:300,(anonymous_25)
FN:305,(anonymous_26)
FN:308,(anonymous_27)
FN:314,(anonymous_28)
FN:328,(anonymous_29)
FN:340,(anonymous_30)
FN:350,(anonymous_31)
FN:363,(anonymous_32)
FN:369,(anonymous_33)
FN:377,(anonymous_34)
FN:386,(anonymous_35)
FN:409,(anonymous_36)
FN:419,(anonymous_37)
FN:438,(anonymous_38)
FN:441,(anonymous_39)
FN:451,(anonymous_40)
FN:453,(anonymous_41)
FN:459,(anonymous_42)
FN:465,(anonymous_43)
FN:470,(anonymous_44)
FN:492,(anonymous_45)
FN:496,(anonymous_46)
FN:519,(anonymous_47)
FN:523,(anonymous_48)
FN:524,(anonymous_49)
FN:526,(anonymous_50)
FN:530,(anonymous_51)
FN:536,(anonymous_52)
FN:540,(anonymous_53)
FN:557,(anonymous_54)
FN:561,(anonymous_55)
FN:565,(anonymous_56)
FN:569,(anonymous_57)
FN:574,(anonymous_58)
FNF:59
FNH:0
FNDA:0,(anonymous_0)
FNDA:0,(anonymous_1)
FNDA:0,(anonymous_2)
FNDA:0,(anonymous_3)
FNDA:0,(anonymous_4)
FNDA:0,(anonymous_5)
FNDA:0,(anonymous_6)
FNDA:0,(anonymous_7)
FNDA:0,(anonymous_8)
FNDA:0,(anonymous_9)
FNDA:0,(anonymous_10)
FNDA:0,(anonymous_11)
FNDA:0,(anonymous_12)
FNDA:0,(anonymous_13)
FNDA:0,(anonymous_14)
FNDA:0,(anonymous_15)
FNDA:0,(anonymous_16)
FNDA:0,(anonymous_17)
FNDA:0,(anonymous_18)
FNDA:0,(anonymous_19)
FNDA:0,(anonymous_20)
FNDA:0,(anonymous_21)
FNDA:0,(anonymous_22)
FNDA:0,(anonymous_23)
FNDA:0,(anonymous_24)
FNDA:0,(anonymous_25)
FNDA:0,(anonymous_26)
FNDA:0,(anonymous_27)
FNDA:0,(anonymous_28)
FNDA:0,(anonymous_29)
FNDA:0,(anonymous_30)
FNDA:0,(anonymous_31)
FNDA:0,(anonymous_32)
FNDA:0,(anonymous_33)
FNDA:0,(anonymous_34)
FNDA:0,(anonymous_35)
FNDA:0,(anonymous_36)
FNDA:0,(anonymous_37)
FNDA:0,(anonymous_38)
FNDA:0,(anonymous_39)
FNDA:0,(anonymous_40)
FNDA:0,(anonymous_41)
FNDA:0,(anonymous_42)
FNDA:0,(anonymous_43)
FNDA:0,(anonymous_44)
FNDA:0,(anonymous_45)
FNDA:0,(anonymous_46)
FNDA:0,(anonymous_47)
FNDA:0,(anonymous_48)
FNDA:0,(anonymous_49)
FNDA:0,(anonymous_50)
FNDA:0,(anonymous_51)
FNDA:0,(anonymous_52)
FNDA:0,(anonymous_53)
FNDA:0,(anonymous_54)
FNDA:0,(anonymous_55)
FNDA:0,(anonymous_56)
FNDA:0,(anonymous_57)
FNDA:0,(anonymous_58)
DA:26,1
DA:27,0
DA:47,0
DA:52,0
DA:68,0
DA:69,0
DA:72,0
DA:73,0
DA:77,0
DA:80,0
DA:81,0
DA:82,0
DA:83,0
DA:84,0
DA:85,0
DA:86,0
DA:87,0
DA:88,0
DA:89,0
DA:90,0
DA:92,0
DA:93,0
DA:94,0
DA:95,0
DA:96,0
DA:97,0
DA:98,0
DA:100,0
DA:101,0
DA:102,0
DA:103,0
DA:104,0
DA:105,0
DA:109,0
DA:110,0
DA:111,0
DA:112,0
DA:113,0
DA:114,0
DA:115,0
DA:116,0
DA:117,0
DA:118,0
DA:119,0
DA:121,0
DA:123,0
DA:127,0
DA:128,0
DA:129,0
DA:130,0
DA:131,0
DA:136,0
DA:137,0
DA:141,0
DA:142,0
DA:144,0
DA:145,0
DA:147,0
DA:148,0
DA:149,0
DA:150,0
DA:153,0
DA:154,0
DA:155,0
DA:156,0
DA:160,0
DA:164,0
DA:165,0
DA:166,0
DA:168,0
DA:169,0
DA:173,0
DA:177,0
DA:178,0
DA:181,0
DA:185,0
DA:186,0
DA:191,0
DA:195,0
DA:201,0
DA:202,0
DA:207,0
DA:208,0
DA:212,0
DA:217,0
DA:218,0
DA:222,0
DA:223,0
DA:227,0
DA:231,0
DA:232,0
DA:236,0
DA:237,0
DA:240,0
DA:246,0
DA:247,0
DA:251,0
DA:252,0
DA:253,0
DA:257,0
DA:258,0
DA:259,0
DA:267,0
DA:268,0
DA:272,0
DA:273,0
DA:274,0
DA:277,0
DA:281,0
DA:282,0
DA:288,0
DA:292,0
DA:293,0
DA:294,0
DA:295,0
DA:301,0
DA:302,0
DA:307,0
DA:308,0
DA:310,0
DA:318,0
DA:320,0
DA:321,0
DA:323,0
DA:324,0
DA:325,0
DA:329,0
DA:330,0
DA:337,0
DA:341,0
DA:342,0
DA:343,0
DA:344,0
DA:345,0
DA:346,0
DA:351,0
DA:352,0
DA:353,0
DA:359,0
DA:360,0
DA:364,0
DA:365,0
DA:366,0
DA:370,0
DA:371,0
DA:379,0
DA:381,0
DA:383,0
DA:387,0
DA:388,0
DA:389,0
DA:390,0
DA:398,0
DA:405,0
DA:406,0
DA:410,0
DA:412,0
DA:413,0
DA:414,0
DA:420,0
DA:422,0
DA:423,0
DA:425,0
DA:426,0
DA:428,0
DA:429,0
DA:431,0
DA:432,0
DA:434,0
DA:439,0
DA:441,0
DA:442,0
DA:444,0
DA:445,0
DA:446,0
DA:447,0
DA:448,0
DA:452,0
DA:453,0
DA:454,0
DA:456,0
DA:460,0
DA:466,0
DA:467,0
DA:471,0
DA:488,0
DA:489,0
DA:493,0
DA:497,0
DA:498,0
DA:499,0
DA:500,0
DA:501,0
DA:502,0
DA:504,0
DA:505,0
DA:506,0
DA:507,0
DA:508,0
DA:509,0
DA:510,0
DA:511,0
DA:512,0
DA:513,0
DA:514,0
DA:515,0
DA:516,0
DA:520,0
DA:521,0
DA:523,0
DA:524,0
DA:525,0
DA:526,0
DA:527,0
DA:530,0
DA:532,0
DA:537,0
DA:541,0
DA:543,0
DA:544,0
DA:545,0
DA:546,0
DA:547,0
DA:548,0
DA:549,0
DA:550,0
DA:551,0
DA:553,0
DA:558,0
DA:562,0
DA:566,0
DA:570,0
DA:571,0
LF:233
LH:1
BRDA:92,0,0,0
BRDA:92,0,1,0
BRDA:94,1,0,0
BRDA:94,1,1,0
BRDA:96,2,0,0
BRDA:96,2,1,0
BRDA:104,3,0,0
BRDA:104,3,1,0
BRDA:112,4,0,0
BRDA:112,4,1,0
BRDA:148,5,0,0
BRDA:148,5,1,0
BRDA:153,6,0,0
BRDA:153,6,1,0
BRDA:155,7,0,0
BRDA:155,7,1,0
BRDA:166,8,0,0
BRDA:166,8,1,0
BRDA:168,9,0,0
BRDA:168,9,1,0
BRDA:251,10,0,0
BRDA:251,10,1,0
BRDA:273,11,0,0
BRDA:273,11,1,0
BRDA:364,12,0,0
BRDA:364,12,1,0
BRDA:379,13,0,0
BRDA:379,13,1,0
BRDA:381,14,0,0
BRDA:381,14,1,0
BRDA:383,15,0,0
BRDA:383,15,1,0
BRDA:389,16,0,0
BRDA:389,16,1,0
BRDA:410,17,0,0
BRDA:410,17,1,0
BRDA:421,18,0,0
BRDA:421,18,1,0
BRDA:421,18,2,0
BRDA:421,18,3,0
BRDA:421,18,4,0
BRDA:442,19,0,0
BRDA:442,19,1,0
BRDA:445,20,0,0
BRDA:445,20,1,0
BRDA:446,21,0,0
BRDA:446,21,1,0
BRDA:447,22,0,0
BRDA:447,22,1,0
BRDA:448,23,0,0
BRDA:448,23,1,0
BRDA:454,24,0,0
BRDA:454,24,1,0
BRDA:466,25,0,0
BRDA:466,25,1,0
BRDA:488,26,0,0
BRDA:488,26,1,0
BRDA:489,27,0,0
BRDA:489,27,1,0
BRDA:504,28,0,0
BRDA:504,28,1,0
BRDA:505,29,0,0
BRDA:505,29,1,0
BRDA:506,30,0,0
BRDA:506,30,1,0
BRDA:507,31,0,0
BRDA:507,31,1,0
BRDA:508,32,0,0
BRDA:508,32,1,0
BRDA:509,33,0,0
BRDA:509,33,1,0
BRDA:510,34,0,0
BRDA:510,34,1,0
BRDA:511,35,0,0
BRDA:511,35,1,0
BRDA:512,36,0,0
BRDA:512,36,1,0
BRDA:513,37,0,0
BRDA:513,37,1,0
BRDA:514,38,0,0
BRDA:514,38,1,0
BRDA:515,39,0,0
BRDA:515,39,1,0
BRDA:543,40,0,0
BRDA:543,40,1,0
BRDA:544,41,0,0
BRDA:544,41,1,0
BRDA:545,42,0,0
BRDA:545,42,1,0
BRDA:546,43,0,0
BRDA:546,43,1,0
BRDA:547,44,0,0
BRDA:547,44,1,0
BRDA:548,45,0,0
BRDA:548,45,1,0
BRDA:549,46,0,0
BRDA:549,46,1,0
BRDA:550,47,0,0
BRDA:550,47,1,0
BRDA:551,48,0,0
BRDA:551,48,1,0
BRDA:571,49,0,0
BRDA:571,49,1,0
BRF:103
BRH:0
end_of_record
TN:
SF:D:\Users\viktitors\Documents\INGENIERÍA INFORMÁTICA\4º Ingeniería del Software\4.2 Ingeniería del Software\Trabajo Fin de Grado\proyecto2\TFG\src\app\proyecto\forecasts\forecasts.component.ts
FN:36,(anonymous_0)
FN:42,(anonymous_1)
FN:46,(anonymous_2)
FN:48,(anonymous_3)
FN:52,(anonymous_4)
FN:60,(anonymous_5)
FN:65,(anonymous_6)
FN:69,(anonymous_7)
FN:77,(anonymous_8)
FNF:9
FNH:5
FNDA:1,(anonymous_0)
FNDA:1,(anonymous_1)
FNDA:1,(anonymous_2)
FNDA:1,(anonymous_3)
FNDA:0,(anonymous_4)
FNDA:0,(anonymous_5)
FNDA:0,(anonymous_6)
FNDA:0,(anonymous_7)
FNDA:1,(anonymous_8)
DA:20,1
DA:21,1
DA:22,1
DA:24,1
DA:25,1
DA:26,1
DA:28,1
DA:30,1
DA:34,1
DA:37,1
DA:38,1
DA:39,1
DA:43,1
DA:47,1
DA:48,1
DA:49,1
DA:53,0
DA:54,0
DA:55,0
DA:62,0
DA:66,0
DA:70,0
DA:71,0
DA:72,0
DA:73,0
LF:25
LH:16
BRF:0
BRH:0
end_of_record
TN:
SF:D:\Users\viktitors\Documents\INGENIERÍA INFORMÁTICA\4º Ingeniería del Software\4.2 Ingeniería del Software\Trabajo Fin de Grado\proyecto2\TFG\src\app\proyecto\forecasts\linear-regression\linear-regression.component.ts
FN:61,(anonymous_0)
FN:63,(anonymous_1)
FN:65,(anonymous_2)
FN:73,(anonymous_3)
FN:87,(anonymous_4)
FN:92,(anonymous_5)
FN:119,(anonymous_6)
FN:141,(anonymous_7)
FN:156,(anonymous_8)
FN:195,(anonymous_9)
FN:203,(anonymous_10)
FN:210,(anonymous_11)
FN:212,(anonymous_12)
FN:218,(anonymous_13)
FN:237,(anonymous_14)
FN:263,(anonymous_15)
FN:276,(anonymous_16)
FN:294,(anonymous_17)
FN:308,(anonymous_18)
FN:338,(anonymous_19)
FN:361,(anonymous_20)
FNF:21
FNH:3
FNDA:1,(anonymous_0)
FNDA:1,(anonymous_1)
FNDA:0,(anonymous_2)
FNDA:0,(anonymous_3)
FNDA:0,(anonymous_4)
FNDA:0,(anonymous_5)
FNDA:0,(anonymous_6)
FNDA:0,(anonymous_7)
FNDA:0,(anonymous_8)
FNDA:0,(anonymous_9)
FNDA:0,(anonymous_10)
FNDA:0,(anonymous_11)
FNDA:0,(anonymous_12)
FNDA:0,(anonymous_13)
FNDA:0,(anonymous_14)
FNDA:0,(anonymous_15)
FNDA:0,(anonymous_16)
FNDA:0,(anonymous_17)
FNDA:0,(anonymous_18)
FNDA:0,(anonymous_19)
FNDA:1,(anonymous_20)
DA:5,1
DA:7,1
DA:20,1
DA:22,1
DA:30,1
DA:33,1
DA:34,1
DA:41,1
DA:42,1
DA:43,1
DA:46,1
DA:49,1
DA:52,1
DA:55,1
DA:56,1
DA:66,0
DA:67,0
DA:68,0
DA:69,0
DA:70,0
DA:74,0
DA:75,0
DA:77,0
DA:78,0
DA:79,0
DA:80,0
DA:81,0
DA:88,0
DA:89,0
DA:93,0
DA:94,0
DA:95,0
DA:97,0
DA:99,0
DA:101,0
DA:108,0
DA:111,0
DA:112,0
DA:113,0
DA:114,0
DA:118,0
DA:119,0
DA:120,0
DA:124,0
DA:125,0
DA:136,0
DA:137,0
DA:140,0
DA:141,0
DA:142,0
DA:145,0
DA:146,0
DA:150,0
DA:151,0
DA:152,0
DA:158,0
DA:161,0
DA:164,0
DA:165,0
DA:167,0
DA:169,0
DA:170,0
DA:174,0
DA:177,0
DA:178,0
DA:183,0
DA:185,0
DA:187,0
DA:188,0
DA:192,0
DA:196,0
DA:197,0
DA:198,0
DA:199,0
DA:204,0
DA:205,0
DA:206,0
DA:211,0
DA:212,0
DA:213,0
DA:215,0
DA:219,0
DA:238,0
DA:264,0
DA:277,0
DA:295,0
DA:309,0
DA:310,0
DA:311,0
DA:312,0
DA:314,0
DA:339,0
LF:92
LH:15
BRDA:74,0,0,0
BRDA:74,0,1,0
BRDA:77,1,0,0
BRDA:77,1,1,0
BRDA:111,2,0,0
BRDA:111,2,1,0
BRDA:112,3,0,0
BRDA:112,3,1,0
BRDA:136,4,0,0
BRDA:136,4,1,0
BRDA:142,5,0,0
BRDA:142,5,1,0
BRDA:197,6,0,0
BRDA:197,6,1,0
BRDA:213,7,0,0
BRDA:213,7,1,0
BRDA:215,8,0,0
BRDA:215,8,1,0
BRDA:238,9,0,0
BRDA:238,9,1,0
BRDA:310,10,0,0
BRDA:310,10,1,0
BRF:22
BRH:0
end_of_record
TN:
SF:D:\Users\viktitors\Documents\INGENIERÍA INFORMÁTICA\4º Ingeniería del Software\4.2 Ingeniería del Software\Trabajo Fin de Grado\proyecto2\TFG\src\app\proyecto\forecasts\polynomial-regression\polynomial-regression.component.ts
FN:57,(anonymous_0)
FN:59,(anonymous_1)
FN:61,(anonymous_2)
FN:69,(anonymous_3)
FN:83,(anonymous_4)
FN:88,(anonymous_5)
FN:109,(anonymous_6)
FN:131,(anonymous_7)
FN:146,(anonymous_8)
FN:190,(anonymous_9)
FN:198,(anonymous_10)
FN:204,(anonymous_11)
FN:212,(anonymous_12)
FN:214,(anonymous_13)
FN:219,(anonymous_14)
FN:238,(anonymous_15)
FN:264,(anonymous_16)
FN:277,(anonymous_17)
FN:295,(anonymous_18)
FN:309,(anonymous_19)
FN:339,(anonymous_20)
FN:362,(anonymous_21)
FNF:22
FNH:3
FNDA:1,(anonymous_0)
FNDA:1,(anonymous_1)
FNDA:0,(anonymous_2)
FNDA:0,(anonymous_3)
FNDA:0,(anonymous_4)
FNDA:0,(anonymous_5)
FNDA:0,(anonymous_6)
FNDA:0,(anonymous_7)
FNDA:0,(anonymous_8)
FNDA:0,(anonymous_9)
FNDA:0,(anonymous_10)
FNDA:0,(anonymous_11)
FNDA:0,(anonymous_12)
FNDA:0,(anonymous_13)
FNDA:0,(anonymous_14)
FNDA:0,(anonymous_15)
FNDA:0,(anonymous_16)
FNDA:0,(anonymous_17)
FNDA:0,(anonymous_18)
FNDA:0,(anonymous_19)
FNDA:0,(anonymous_20)
FNDA:1,(anonymous_21)
DA:5,1
DA:7,1
DA:20,1
DA:22,1
DA:30,1
DA:33,1
DA:34,1
DA:39,1
DA:40,1
DA:41,1
DA:44,1
DA:47,1
DA:48,1
DA:51,1
DA:52,1
DA:62,0
DA:63,0
DA:64,0
DA:65,0
DA:66,0
DA:70,0
DA:71,0
DA:73,0
DA:74,0
DA:75,0
DA:76,0
DA:77,0
DA:84,0
DA:85,0
DA:89,0
DA:90,0
DA:91,0
DA:93,0
DA:95,0
DA:98,0
DA:101,0
DA:102,0
DA:103,0
DA:104,0
DA:108,0
DA:109,0
DA:110,0
DA:114,0
DA:115,0
DA:126,0
DA:127,0
DA:130,0
DA:131,0
DA:132,0
DA:135,0
DA:136,0
DA:140,0
DA:141,0
DA:142,0
DA:148,0
DA:151,0
DA:154,0
DA:155,0
DA:157,0
DA:159,0
DA:160,0
DA:167,0
DA:173,0
DA:174,0
DA:177,0
DA:178,0
DA:179,0
DA:180,0
DA:181,0
DA:182,0
DA:184,0
DA:186,0
DA:191,0
DA:192,0
DA:193,0
DA:194,0
DA:199,0
DA:200,0
DA:201,0
DA:202,0
DA:203,0
DA:204,0
DA:205,0
DA:207,0
DA:208,0
DA:213,0
DA:214,0
DA:215,0
DA:220,0
DA:239,0
DA:265,0
DA:278,0
DA:296,0
DA:310,0
DA:311,0
DA:312,0
DA:313,0
DA:315,0
DA:340,0
LF:99
LH:15
BRDA:70,0,0,0
BRDA:70,0,1,0
BRDA:73,1,0,0
BRDA:73,1,1,0
BRDA:101,2,0,0
BRDA:101,2,1,0
BRDA:102,3,0,0
BRDA:102,3,1,0
BRDA:126,4,0,0
BRDA:126,4,1,0
BRDA:132,5,0,0
BRDA:132,5,1,0
BRDA:182,6,0,0
BRDA:182,6,1,0
BRDA:186,7,0,0
BRDA:186,7,1,0
BRDA:192,8,0,0
BRDA:192,8,1,0
BRDA:203,9,0,0
BRDA:203,9,1,0
BRDA:205,10,0,0
BRDA:205,10,1,0
BRDA:215,11,0,0
BRDA:215,11,1,0
BRDA:239,12,0,0
BRDA:239,12,1,0
BRDA:311,13,0,0
BRDA:311,13,1,0
BRF:28
BRH:0
end_of_record
TN:
SF:D:\Users\viktitors\Documents\INGENIERÍA INFORMÁTICA\4º Ingeniería del Software\4.2 Ingeniería del Software\Trabajo Fin de Grado\proyecto2\TFG\src\app\proyecto\forecasts\velocity\velocity.component.ts
FN:62,(anonymous_0)
FN:64,(anonymous_1)
FN:66,(anonymous_2)
FN:74,(anonymous_3)
FN:89,(anonymous_4)
FN:94,(anonymous_5)
FN:127,(anonymous_6)
FN:149,(anonymous_7)
FN:164,(anonymous_8)
FN:198,(anonymous_9)
FN:217,(anonymous_10)
FN:222,(anonymous_11)
FN:253,(anonymous_12)
FN:259,(anonymous_13)
FN:286,(anonymous_14)
FN:289,(anonymous_15)
FN:294,(anonymous_16)
FN:313,(anonymous_17)
FN:339,(anonymous_18)
FN:352,(anonymous_19)
FN:370,(anonymous_20)
FN:384,(anonymous_21)
FN:402,(anonymous_22)
FN:420,(anonymous_23)
FN:447,(anonymous_24)
FN:469,(anonymous_25)
FN:491,(anonymous_26)
FN:517,(anonymous_27)
FN:521,(anonymous_28)
FNF:29
FNH:4
FNDA:1,(anonymous_0)
FNDA:1,(anonymous_1)
FNDA:0,(anonymous_2)
FNDA:0,(anonymous_3)
FNDA:0,(anonymous_4)
FNDA:0,(anonymous_5)
FNDA:0,(anonymous_6)
FNDA:0,(anonymous_7)
FNDA:0,(anonymous_8)
FNDA:0,(anonymous_9)
FNDA:0,(anonymous_10)
FNDA:0,(anonymous_11)
FNDA:0,(anonymous_12)
FNDA:0,(anonymous_13)
FNDA:0,(anonymous_14)
FNDA:0,(anonymous_15)
FNDA:0,(anonymous_16)
FNDA:0,(anonymous_17)
FNDA:0,(anonymous_18)
FNDA:0,(anonymous_19)
FNDA:0,(anonymous_20)
FNDA:0,(anonymous_21)
FNDA:0,(anonymous_22)
FNDA:0,(anonymous_23)
FNDA:0,(anonymous_24)
FNDA:0,(anonymous_25)
FNDA:0,(anonymous_26)
FNDA:6,(anonymous_27)
FNDA:1,(anonymous_28)
DA:5,1
DA:18,1
DA:20,1
DA:28,1
DA:31,1
DA:32,1
DA:38,1
DA:39,1
DA:42,1
DA:43,1
DA:44,1
DA:45,1
DA:46,1
DA:49,1
DA:50,1
DA:51,1
DA:54,1
DA:55,1
DA:56,1
DA:59,1
DA:60,1
DA:67,0
DA:68,0
DA:69,0
DA:70,0
DA:71,0
DA:75,0
DA:76,0
DA:78,0
DA:79,0
DA:80,0
DA:81,0
DA:82,0
DA:83,0
DA:90,0
DA:91,0
DA:95,0
DA:96,0
DA:97,0
DA:98,0
DA:99,0
DA:100,0
DA:102,0
DA:103,0
DA:104,0
DA:106,0
DA:107,0
DA:108,0
DA:115,0
DA:118,0
DA:119,0
DA:120,0
DA:121,0
DA:122,0
DA:126,0
DA:127,0
DA:128,0
DA:132,0
DA:133,0
DA:144,0
DA:145,0
DA:148,0
DA:149,0
DA:150,0
DA:153,0
DA:154,0
DA:158,0
DA:159,0
DA:160,0
DA:166,0
DA:169,0
DA:170,0
DA:173,0
DA:175,0
DA:178,0
DA:180,0
DA:181,0
DA:184,0
DA:187,0
DA:191,0
DA:193,0
DA:195,0
DA:199,0
DA:200,0
DA:203,0
DA:206,0
DA:207,0
DA:210,0
DA:211,0
DA:212,0
DA:213,0
DA:216,0
DA:218,0
DA:221,0
DA:223,0
DA:228,0
DA:229,0
DA:230,0
DA:231,0
DA:232,0
DA:234,0
DA:235,0
DA:238,0
DA:241,0
DA:242,0
DA:245,0
DA:246,0
DA:249,0
DA:250,0
DA:254,0
DA:255,0
DA:256,0
DA:260,0
DA:261,0
DA:262,0
DA:264,0
DA:267,0
DA:269,0
DA:271,0
DA:273,0
DA:275,0
DA:277,0
DA:279,0
DA:281,0
DA:288,0
DA:289,0
DA:290,0
DA:295,0
DA:314,0
DA:340,0
DA:353,0
DA:371,0
DA:385,0
DA:386,0
DA:387,0
DA:388,0
DA:390,0
DA:403,0
DA:404,0
DA:405,0
DA:406,0
DA:408,0
DA:421,0
DA:422,0
DA:423,0
DA:424,0
DA:426,0
DA:448,0
DA:470,0
DA:492,0
DA:518,6
LF:151
LH:22
BRDA:75,0,0,0
BRDA:75,0,1,0
BRDA:78,1,0,0
BRDA:78,1,1,0
BRDA:118,2,0,0
BRDA:118,2,1,0
BRDA:119,3,0,0
BRDA:119,3,1,0
BRDA:119,4,0,0
BRDA:119,4,1,0
BRDA:120,5,0,0
BRDA:120,5,1,0
BRDA:144,6,0,0
BRDA:144,6,1,0
BRDA:150,7,0,0
BRDA:150,7,1,0
BRDA:249,8,0,0
BRDA:249,8,1,0
BRDA:250,9,0,0
BRDA:250,9,1,0
BRDA:264,10,0,0
BRDA:264,10,1,0
BRDA:271,11,0,0
BRDA:271,11,1,0
BRDA:277,12,0,0
BRDA:277,12,1,0
BRDA:290,13,0,0
BRDA:290,13,1,0
BRDA:314,14,0,0
BRDA:314,14,1,0
BRDA:386,15,0,0
BRDA:386,15,1,0
BRDA:404,16,0,0
BRDA:404,16,1,0
BRDA:422,17,0,0
BRDA:422,17,1,0
BRF:36
BRH:0
end_of_record
TN:
SF:D:\Users\viktitors\Documents\INGENIERÍA INFORMÁTICA\4º Ingeniería del Software\4.2 Ingeniería del Software\Trabajo Fin de Grado\proyecto2\TFG\src\app\proyecto\overview\overview.component.ts
FN:72,(anonymous_0)
FN:82,(anonymous_1)
FN:86,(anonymous_2)
FN:98,(anonymous_3)
FN:102,(anonymous_4)
FN:109,(anonymous_5)
FN:115,(anonymous_6)
FN:119,(anonymous_7)
FN:136,(anonymous_8)
FN:140,(anonymous_9)
FN:148,(anonymous_10)
FN:158,(anonymous_11)
FN:175,(anonymous_12)
FN:193,(anonymous_14)
FN:200,(anonymous_15)
FN:208,(anonymous_16)
FN:213,(anonymous_17)
FN:220,(anonymous_18)
FN:229,(anonymous_19)
FN:231,(anonymous_20)
FN:236,(anonymous_21)
FNF:21
FNH:5
FNDA:2,(anonymous_0)
FNDA:2,(anonymous_1)
FNDA:2,(anonymous_2)
FNDA:2,(anonymous_3)
FNDA:0,(anonymous_4)
FNDA:0,(anonymous_5)
FNDA:0,(anonymous_6)
FNDA:0,(anonymous_7)
FNDA:0,(anonymous_8)
FNDA:0,(anonymous_9)
FNDA:0,(anonymous_10)
FNDA:0,(anonymous_11)
FNDA:0,(anonymous_12)
FNDA:0,(anonymous_14)
FNDA:0,(anonymous_15)
FNDA:0,(anonymous_16)
FNDA:0,(anonymous_17)
FNDA:0,(anonymous_18)
FNDA:2,(anonymous_19)
FNDA:0,(anonymous_20)
FNDA:0,(anonymous_21)
DA:15,1
DA:37,1
DA:38,2
DA:39,1
DA:40,1
DA:42,1
DA:43,1
DA:44,1
DA:49,1
DA:54,2
DA:55,2
DA:61,2
DA:66,2
DA:70,2
DA:73,2
DA:74,2
DA:75,2
DA:76,2
DA:77,2
DA:78,2
DA:79,2
DA:83,2
DA:87,2
DA:89,2
DA:90,2
DA:91,2
DA:92,2
DA:94,0
DA:95,0
DA:96,0
DA:98,2
DA:99,2
DA:103,0
DA:104,0
DA:111,0
DA:112,0
DA:116,0
DA:120,0
DA:130,0
DA:131,0
DA:132,0
DA:137,0
DA:141,0
DA:142,0
DA:143,0
DA:144,0
DA:149,0
DA:150,0
DA:160,0
DA:161,0
DA:162,0
DA:163,0
DA:165,0
DA:170,0
DA:176,0
DA:177,0
DA:180,0
DA:181,0
DA:182,0
DA:189,0
DA:190,0
DA:194,0
DA:196,0
DA:197,0
DA:201,0
DA:202,0
DA:209,0
DA:210,0
DA:215,0
DA:216,0
DA:221,0
DA:232,0
DA:233,0
DA:237,0
DA:238,0
LF:75
LH:29
BRDA:89,0,0,2
BRDA:89,0,1,0
BRDA:161,1,0,0
BRDA:161,1,1,0
BRDA:194,2,0,0
BRDA:194,2,1,0
BRDA:221,3,0,0
BRDA:221,3,1,0
BRDA:233,4,0,0
BRDA:233,4,1,0
BRDA:238,5,0,0
BRDA:238,5,1,0
BRF:12
BRH:1
end_of_record
TN:
SF:D:\Users\viktitors\Documents\INGENIERÍA INFORMÁTICA\4º Ingeniería del Software\4.2 Ingeniería del Software\Trabajo Fin de Grado\proyecto2\TFG\src\app\proyecto\overview\bugs\bugs.component.ts
FN:36,(anonymous_0)
FN:38,(anonymous_1)
FN:40,(anonymous_2)
FN:47,(anonymous_3)
FN:79,(anonymous_4)
FN:122,(anonymous_5)
FN:145,(anonymous_6)
FN:243,(anonymous_7)
FN:262,(anonymous_8)
FN:266,(anonymous_9)
FNF:10
FNH:3
FNDA:1,(anonymous_0)
FNDA:1,(anonymous_1)
FNDA:0,(anonymous_2)
FNDA:0,(anonymous_3)
FNDA:0,(anonymous_4)
FNDA:0,(anonymous_5)
FNDA:0,(anonymous_6)
FNDA:0,(anonymous_7)
FNDA:0,(anonymous_8)
FNDA:1,(anonymous_9)
DA:5,1
DA:18,1
DA:20,1
DA:28,1
DA:30,1
DA:31,1
DA:32,1
DA:41,0
DA:42,0
DA:43,0
DA:44,0
DA:48,0
DA:49,0
DA:50,0
DA:52,0
DA:55,0
DA:59,0
DA:60,0
DA:72,0
DA:73,0
DA:74,0
DA:76,0
DA:77,0
DA:78,0
DA:79,0
DA:80,0
DA:81,0
DA:84,0
DA:85,0
DA:95,0
DA:99,0
DA:102,0
DA:103,0
DA:108,0
DA:123,0
DA:146,0
DA:243,0
DA:244,0
DA:245,0
DA:246,0
DA:255,0
DA:256,0
DA:258,0
DA:263,0
LF:44
LH:7
BRDA:55,0,0,0
BRDA:55,0,1,0
BRDA:60,1,0,0
BRDA:60,1,1,0
BRDA:80,2,0,0
BRDA:80,2,1,0
BRDA:80,3,0,0
BRDA:80,3,1,0
BRDA:80,3,2,0
BRDA:84,4,0,0
BRDA:84,4,1,0
BRDA:84,5,0,0
BRDA:84,5,1,0
BRDA:84,5,2,0
BRDA:146,6,0,0
BRDA:146,6,1,0
BRDA:163,7,0,0
BRDA:163,7,1,0
BRDA:163,7,2,0
BRDA:255,8,0,0
BRDA:255,8,1,0
BRF:21
BRH:0
end_of_record
TN:
SF:D:\Users\viktitors\Documents\INGENIERÍA INFORMÁTICA\4º Ingeniería del Software\4.2 Ingeniería del Software\Trabajo Fin de Grado\proyecto2\TFG\src\app\proyecto\overview\pbc\pbc.component.ts
FN:59,(anonymous_0)
FN:61,(anonymous_1)
FN:63,(anonymous_2)
FN:73,(anonymous_3)
FN:98,(anonymous_4)
FN:108,(anonymous_5)
FN:197,(anonymous_6)
FN:221,(anonymous_7)
FN:318,(anonymous_8)
FN:324,(anonymous_9)
FN:349,(anonymous_10)
FN:541,(anonymous_11)
FN:598,(anonymous_12)
FN:606,(anonymous_13)
FN:609,(anonymous_14)
FN:620,(anonymous_15)
FN:624,(anonymous_16)
FNF:17
FNH:3
FNDA:1,(anonymous_0)
FNDA:1,(anonymous_1)
FNDA:0,(anonymous_2)
FNDA:0,(anonymous_3)
FNDA:0,(anonymous_4)
FNDA:0,(anonymous_5)
FNDA:0,(anonymous_6)
FNDA:0,(anonymous_7)
FNDA:0,(anonymous_8)
FNDA:0,(anonymous_9)
FNDA:0,(anonymous_10)
FNDA:0,(anonymous_11)
FNDA:0,(anonymous_12)
FNDA:0,(anonymous_13)
FNDA:0,(anonymous_14)
FNDA:0,(anonymous_15)
FNDA:1,(anonymous_16)
DA:5,1
DA:19,1
DA:21,1
DA:23,1
DA:30,1
DA:31,1
DA:32,1
DA:33,1
DA:34,1
DA:36,1
DA:37,1
DA:38,1
DA:39,1
DA:41,1
DA:43,1
DA:52,1
DA:56,1
DA:57,1
DA:64,0
DA:65,0
DA:66,0
DA:67,0
DA:68,0
DA:69,0
DA:70,0
DA:75,0
DA:76,0
DA:77,0
DA:78,0
DA:79,0
DA:80,0
DA:82,0
DA:83,0
DA:84,0
DA:85,0
DA:91,0
DA:97,0
DA:98,0
DA:99,0
DA:103,0
DA:104,0
DA:105,0
DA:106,0
DA:108,0
DA:109,0
DA:110,0
DA:111,0
DA:112,0
DA:116,0
DA:117,0
DA:129,0
DA:141,0
DA:153,0
DA:165,0
DA:177,0
DA:178,0
DA:179,0
DA:180,0
DA:181,0
DA:182,0
DA:183,0
DA:185,0
DA:186,0
DA:187,0
DA:188,0
DA:191,0
DA:193,0
DA:194,0
DA:195,0
DA:196,0
DA:197,0
DA:198,0
DA:199,0
DA:201,0
DA:202,0
DA:203,0
DA:204,0
DA:208,0
DA:209,0
DA:211,0
DA:212,0
DA:213,0
DA:214,0
DA:217,0
DA:218,0
DA:219,0
DA:220,0
DA:221,0
DA:222,0
DA:223,0
DA:224,0
DA:225,0
DA:226,0
DA:229,0
DA:230,0
DA:231,0
DA:232,0
DA:233,0
DA:234,0
DA:235,0
DA:236,0
DA:249,0
DA:250,0
DA:251,0
DA:257,0
DA:263,0
DA:269,0
DA:275,0
DA:282,0
DA:288,0
DA:294,0
DA:300,0
DA:306,0
DA:319,0
DA:320,0
DA:321,0
DA:325,0
DA:350,0
DA:541,0
DA:542,0
DA:543,0
DA:544,0
DA:546,0
DA:547,0
DA:548,0
DA:560,0
DA:561,0
DA:562,0
DA:563,0
DA:565,0
DA:575,0
DA:576,0
DA:577,0
DA:591,0
DA:592,0
DA:594,0
DA:599,0
DA:600,0
DA:601,0
DA:602,0
DA:603,0
DA:607,0
DA:608,0
DA:609,0
DA:610,0
DA:611,0
DA:612,0
DA:616,0
DA:617,0
DA:621,0
LF:150
LH:18
BRDA:109,0,0,0
BRDA:109,0,1,0
BRDA:110,1,0,0
BRDA:110,1,1,0
BRDA:111,2,0,0
BRDA:111,2,1,0
BRDA:112,3,0,0
BRDA:112,3,1,0
BRDA:177,4,0,0
BRDA:177,4,1,0
BRDA:198,5,0,0
BRDA:198,5,1,0
BRDA:201,6,0,0
BRDA:201,6,1,0
BRDA:202,7,0,0
BRDA:202,7,1,0
BRDA:203,8,0,0
BRDA:203,8,1,0
BRDA:204,9,0,0
BRDA:204,9,1,0
BRDA:222,10,0,0
BRDA:222,10,1,0
BRDA:223,11,0,0
BRDA:223,11,1,0
BRDA:224,12,0,0
BRDA:224,12,1,0
BRDA:225,13,0,0
BRDA:225,13,1,0
BRDA:226,14,0,0
BRDA:226,14,1,0
BRDA:229,15,0,0
BRDA:229,15,1,0
BRDA:230,16,0,0
BRDA:230,16,1,0
BRDA:231,17,0,0
BRDA:231,17,1,0
BRDA:232,18,0,0
BRDA:232,18,1,0
BRDA:250,19,0,0
BRDA:250,19,1,0
BRDA:350,20,0,0
BRDA:350,20,1,0
BRDA:365,21,0,0
BRDA:365,21,1,0
BRDA:365,21,2,0
BRDA:546,22,0,0
BRDA:546,22,1,0
BRDA:560,23,0,0
BRDA:560,23,1,0
BRDA:560,24,0,0
BRDA:560,24,1,0
BRDA:560,24,2,0
BRDA:561,25,0,0
BRDA:561,25,1,0
BRDA:575,26,0,0
BRDA:575,26,1,0
BRDA:591,27,0,0
BRDA:591,27,1,0
BRDA:610,28,0,0
BRDA:610,28,1,0
BRF:60
BRH:0
end_of_record
TN:
SF:D:\Users\viktitors\Documents\INGENIERÍA INFORMÁTICA\4º Ingeniería del Software\4.2 Ingeniería del Software\Trabajo Fin de Grado\proyecto2\TFG\src\app\proyecto\overview\poc\poc.component.ts
FN:45,(anonymous_0)
FN:47,(anonymous_1)
FN:49,(anonymous_2)
FN:56,(anonymous_3)
FN:151,(anonymous_4)
FN:198,(anonymous_5)
FN:222,(anonymous_6)
FN:321,(anonymous_7)
FN:340,(anonymous_8)
FN:344,(anonymous_9)
FNF:10
FNH:3
FNDA:1,(anonymous_0)
FNDA:1,(anonymous_1)
FNDA:0,(anonymous_2)
FNDA:0,(anonymous_3)
FNDA:0,(anonymous_4)
FNDA:0,(anonymous_5)
FNDA:0,(anonymous_6)
FNDA:0,(anonymous_7)
FNDA:0,(anonymous_8)
FNDA:1,(anonymous_9)
DA:5,1
DA:18,1
DA:20,1
DA:28,1
DA:29,1
DA:30,1
DA:31,1
DA:32,1
DA:34,1
DA:50,0
DA:51,0
DA:52,0
DA:53,0
DA:57,0
DA:59,0
DA:60,0
DA:61,0
DA:62,0
DA:68,0
DA:71,0
DA:74,0
DA:77,0
DA:78,0
DA:91,0
DA:103,0
DA:115,0
DA:127,0
DA:139,0
DA:140,0
DA:141,0
DA:142,0
DA:143,0
DA:144,0
DA:147,0
DA:148,0
DA:149,0
DA:150,0
DA:151,0
DA:152,0
DA:153,0
DA:154,0
DA:155,0
DA:156,0
DA:159,0
DA:165,0
DA:170,0
DA:175,0
DA:180,0
DA:185,0
DA:186,0
DA:187,0
DA:188,0
DA:189,0
DA:190,0
DA:194,0
DA:199,0
DA:223,0
DA:321,0
DA:322,0
DA:323,0
DA:324,0
DA:333,0
DA:334,0
DA:336,0
DA:341,0
LF:65
LH:9
BRDA:71,0,0,0
BRDA:71,0,1,0
BRDA:139,1,0,0
BRDA:139,1,1,0
BRDA:152,2,0,0
BRDA:152,2,1,0
BRDA:153,3,0,0
BRDA:153,3,1,0
BRDA:154,4,0,0
BRDA:154,4,1,0
BRDA:155,5,0,0
BRDA:155,5,1,0
BRDA:156,6,0,0
BRDA:156,6,1,0
BRDA:223,7,0,0
BRDA:223,7,1,0
BRDA:241,8,0,0
BRDA:241,8,1,0
BRDA:241,8,2,0
BRDA:333,9,0,0
BRDA:333,9,1,0
BRF:21
BRH:0
end_of_record
TN:
SF:D:\Users\viktitors\Documents\INGENIERÍA INFORMÁTICA\4º Ingeniería del Software\4.2 Ingeniería del Software\Trabajo Fin de Grado\proyecto2\TFG\src\app\proyectos\proyectos.component.ts
FN:32,(anonymous_0)
FN:42,(anonymous_1)
FN:46,(anonymous_2)
FN:60,(anonymous_3)
FN:65,(anonymous_4)
FN:74,(anonymous_5)
FN:79,(anonymous_6)
FN:87,(anonymous_7)
FN:88,(anonymous_8)
FN:113,(anonymous_9)
FN:118,(anonymous_10)
FN:121,(anonymous_11)
FNF:12
FNH:5
FNDA:1,(anonymous_0)
FNDA:1,(anonymous_1)
FNDA:0,(anonymous_2)
FNDA:0,(anonymous_3)
FNDA:0,(anonymous_4)
FNDA:0,(anonymous_5)
FNDA:1,(anonymous_6)
FNDA:0,(anonymous_7)
FNDA:0,(anonymous_8)
FNDA:1,(anonymous_9)
FNDA:1,(anonymous_10)
FNDA:0,(anonymous_11)
DA:18,1
DA:22,1
DA:23,1
DA:25,1
DA:27,1
DA:28,1
DA:33,1
DA:34,1
DA:35,1
DA:36,1
DA:37,1
DA:38,1
DA:39,1
DA:43,1
DA:47,0
DA:49,0
DA:50,0
DA:51,0
DA:52,0
DA:56,0
DA:57,0
DA:61,0
DA:66,0
DA:71,0
DA:75,0
DA:80,1
DA:81,1
DA:82,1
DA:83,1
DA:85,1
DA:88,0
DA:89,0
DA:98,0
DA:101,0
DA:102,0
DA:103,0
DA:104,0
DA:109,0
DA:114,1
DA:115,1
DA:119,1
DA:122,0
LF:42
LH:22
BRDA:61,0,0,0
BRDA:61,0,1,0
BRDA:103,1,0,0
BRDA:103,1,1,0
BRDA:115,2,0,0
BRDA:115,2,1,1
BRDA:119,3,0,0
BRDA:119,3,1,1
BRF:8
BRH:2
end_of_record
TN:
SF:D:\Users\viktitors\Documents\INGENIERÍA INFORMÁTICA\4º Ingeniería del Software\4.2 Ingeniería del Software\Trabajo Fin de Grado\proyecto2\TFG\src\app\proyectos\proyectoDialog\proyectoDialog.component.ts
FN:19,(anonymous_0)
FN:30,(anonymous_1)
FN:32,(anonymous_2)
FN:38,(anonymous_3)
FN:47,(anonymous_4)
FN:51,(anonymous_5)
FNF:6
FNH:0
FNDA:0,(anonymous_0)
FNDA:0,(anonymous_1)
FNDA:0,(anonymous_2)
FNDA:0,(anonymous_3)
FNDA:0,(anonymous_4)
FNDA:0,(anonymous_5)
DA:11,1
DA:20,0
DA:21,0
DA:22,0
DA:24,0
DA:26,0
DA:27,0
DA:33,0
DA:39,0
DA:43,0
DA:44,0
DA:48,0
DA:52,0
LF:13
LH:1
BRDA:43,0,0,0
BRDA:43,0,1,0
BRDA:44,1,0,0
BRDA:44,1,1,0
BRDA:52,2,0,0
BRDA:52,2,1,0
BRF:6
BRH:0
end_of_record
TN:
SF:D:\Users\viktitors\Documents\INGENIERÍA INFORMÁTICA\4º Ingeniería del Software\4.2 Ingeniería del Software\Trabajo Fin de Grado\proyecto2\TFG\src\app\registro\registro.component.ts
FN:32,(anonymous_0)
FN:46,(anonymous_1)
FN:48,(anonymous_2)
FN:56,(anonymous_3)
FN:65,(anonymous_4)
FN:87,(anonymous_5)
FN:94,(anonymous_6)
FN:99,(anonymous_7)
FN:117,(anonymous_8)
FN:124,(anonymous_9)
FN:130,(anonymous_10)
FN:139,(anonymous_11)
FN:150,(anonymous_12)
FNF:13
FNH:5
FNDA:1,(anonymous_0)
FNDA:1,(anonymous_1)
FNDA:1,(anonymous_2)
FNDA:0,(anonymous_3)
FNDA:0,(anonymous_4)
FNDA:0,(anonymous_5)
FNDA:0,(anonymous_6)
FNDA:0,(anonymous_7)
FNDA:0,(anonymous_8)
FNDA:0,(anonymous_9)
FNDA:0,(anonymous_10)
FNDA:1,(anonymous_11)
FNDA:1,(anonymous_12)
DA:15,1
DA:22,1
DA:23,1
DA:26,1
DA:28,1
DA:29,1
DA:30,1
DA:33,1
DA:34,1
DA:35,1
DA:36,1
DA:37,1
DA:38,1
DA:39,1
DA:40,1
DA:41,1
DA:43,1
DA:47,1
DA:48,1
DA:50,1
DA:51,0
DA:52,0
DA:53,0
DA:57,0
DA:61,1
DA:66,0
DA:68,0
DA:69,0
DA:70,0
DA:71,0
DA:72,0
DA:73,0
DA:76,0
DA:77,0
DA:88,0
DA:89,0
DA:96,0
DA:97,0
DA:100,0
DA:102,0
DA:106,0
DA:118,0
DA:119,0
DA:125,0
DA:128,0
DA:131,0
DA:132,0
DA:133,0
DA:140,1
LF:49
LH:22
BRDA:50,0,0,0
BRDA:50,0,1,1
BRDA:57,1,0,0
BRDA:57,1,1,0
BRDA:76,2,0,0
BRDA:76,2,1,0
BRF:6
BRH:1
end_of_record
TN:
SF:D:\Users\viktitors\Documents\INGENIERÍA INFORMÁTICA\4º Ingeniería del Software\4.2 Ingeniería del Software\Trabajo Fin de Grado\proyecto2\TFG\src\app\services\archivos.service.ts
FN:15,(anonymous_0)
FN:22,(anonymous_1)
FN:31,(anonymous_2)
FNF:3
FNH:3
FNDA:3,(anonymous_0)
FNDA:1,(anonymous_1)
FNDA:1,(anonymous_2)
DA:8,1
DA:13,1
DA:14,3
DA:15,3
DA:23,1
DA:32,1
LF:6
LH:6
BRF:0
BRH:0
end_of_record
TN:
SF:D:\Users\viktitors\Documents\INGENIERÍA INFORMÁTICA\4º Ingeniería del Software\4.2 Ingeniería del Software\Trabajo Fin de Grado\proyecto2\TFG\src\app\services\comentarios.service.ts
FN:15,(anonymous_0)
FN:22,(anonymous_1)
FNF:2
FNH:2
FNDA:2,(anonymous_0)
FNDA:1,(anonymous_1)
DA:8,1
DA:13,1
DA:14,2
DA:15,2
DA:23,1
LF:5
LH:5
BRF:0
BRH:0
end_of_record
TN:
SF:D:\Users\viktitors\Documents\INGENIERÍA INFORMÁTICA\4º Ingeniería del Software\4.2 Ingeniería del Software\Trabajo Fin de Grado\proyecto2\TFG\src\app\services\criterios.service.ts
FN:15,(anonymous_0)
FN:22,(anonymous_1)
FN:31,(anonymous_2)
FN:40,(anonymous_3)
FNF:4
FNH:4
FNDA:4,(anonymous_0)
FNDA:1,(anonymous_1)
FNDA:1,(anonymous_2)
FNDA:1,(anonymous_3)
DA:8,1
DA:13,1
DA:14,4
DA:15,4
DA:23,1
DA:32,1
DA:41,1
LF:7
LH:7
BRF:0
BRH:0
end_of_record
TN:
SF:D:\Users\viktitors\Documents\INGENIERÍA INFORMÁTICA\4º Ingeniería del Software\4.2 Ingeniería del Software\Trabajo Fin de Grado\proyecto2\TFG\src\app\services\dependencias.service.ts
FN:15,(anonymous_0)
FN:22,(anonymous_1)
FN:32,(anonymous_2)
FNF:3
FNH:3
FNDA:3,(anonymous_0)
FNDA:1,(anonymous_1)
FNDA:1,(anonymous_2)
DA:8,1
DA:13,1
DA:14,3
DA:15,3
DA:23,1
DA:33,1
LF:6
LH:6
BRF:0
BRH:0
end_of_record
TN:
SF:D:\Users\viktitors\Documents\INGENIERÍA INFORMÁTICA\4º Ingeniería del Software\4.2 Ingeniería del Software\Trabajo Fin de Grado\proyecto2\TFG\src\app\services\invitaciones.service.ts
FN:15,(anonymous_0)
FN:22,(anonymous_1)
FNF:2
FNH:2
FNDA:4,(anonymous_0)
FNDA:2,(anonymous_1)
DA:8,1
DA:13,1
DA:14,4
DA:15,4
DA:23,2
LF:5
LH:5
BRF:0
BRH:0
end_of_record
TN:
SF:D:\Users\viktitors\Documents\INGENIERÍA INFORMÁTICA\4º Ingeniería del Software\4.2 Ingeniería del Software\Trabajo Fin de Grado\proyecto2\TFG\src\app\services\login.service.ts
FN:12,(anonymous_0)
FN:20,(anonymous_1)
FNF:2
FNH:2
FNDA:2,(anonymous_0)
FNDA:1,(anonymous_1)
DA:5,1
DA:10,1
DA:11,2
DA:12,2
DA:22,1
LF:5
LH:5
BRF:0
BRH:0
end_of_record
TN:
SF:D:\Users\viktitors\Documents\INGENIERÍA INFORMÁTICA\4º Ingeniería del Software\4.2 Ingeniería del Software\Trabajo Fin de Grado\proyecto2\TFG\src\app\services\pbis.service.ts
FN:18,(anonymous_0)
FN:25,(anonymous_1)
FN:34,(anonymous_2)
FN:43,(anonymous_3)
FN:53,(anonymous_4)
FN:63,(anonymous_5)
FN:73,(anonymous_6)
FN:83,(anonymous_7)
FNF:8
FNH:8
FNDA:9,(anonymous_0)
FNDA:1,(anonymous_1)
FNDA:1,(anonymous_2)
FNDA:1,(anonymous_3)
FNDA:1,(anonymous_4)
FNDA:1,(anonymous_5)
FNDA:1,(anonymous_6)
FNDA:1,(anonymous_7)
DA:7,1
DA:16,1
DA:17,9
DA:18,9
DA:26,1
DA:35,1
DA:44,1
DA:54,1
DA:64,1
DA:74,1
DA:84,1
LF:11
LH:11
BRF:0
BRH:0
end_of_record
TN:
SF:D:\Users\viktitors\Documents\INGENIERÍA INFORMÁTICA\4º Ingeniería del Software\4.2 Ingeniería del Software\Trabajo Fin de Grado\proyecto2\TFG\src\app\services\proyectos.service.ts
FN:14,(anonymous_0)
FN:19,(anonymous_1)
FN:29,(anonymous_2)
FN:39,(anonymous_3)
FN:49,(anonymous_4)
FN:57,(anonymous_5)
FN:66,(anonymous_6)
FN:76,(anonymous_7)
FN:86,(anonymous_8)
FN:96,(anonymous_9)
FN:106,(anonymous_10)
FN:116,(anonymous_11)
FNF:12
FNH:12
FNDA:20,(anonymous_0)
FNDA:1,(anonymous_1)
FNDA:5,(anonymous_2)
FNDA:1,(anonymous_3)
FNDA:1,(anonymous_4)
FNDA:2,(anonymous_5)
FNDA:1,(anonymous_6)
FNDA:1,(anonymous_7)
FNDA:1,(anonymous_8)
FNDA:1,(anonymous_9)
FNDA:1,(anonymous_10)
FNDA:1,(anonymous_11)
DA:6,1
DA:11,1
DA:13,20
DA:14,20
DA:20,1
DA:30,5
DA:40,1
DA:50,1
DA:58,2
DA:67,1
DA:77,1
DA:87,1
DA:97,1
DA:107,1
DA:117,1
LF:15
LH:15
BRF:0
BRH:0
end_of_record
TN:
SF:D:\Users\viktitors\Documents\INGENIERÍA INFORMÁTICA\4º Ingeniería del Software\4.2 Ingeniería del Software\Trabajo Fin de Grado\proyecto2\TFG\src\app\services\registro.service.ts
FN:12,(anonymous_0)
FN:19,(anonymous_1)
FN:28,(anonymous_2)
FNF:3
FNH:3
FNDA:3,(anonymous_0)
FNDA:1,(anonymous_1)
FNDA:1,(anonymous_2)
DA:5,1
DA:10,1
DA:11,3
DA:12,3
DA:20,1
DA:29,1
LF:6
LH:6
BRF:0
BRH:0
end_of_record
TN:
SF:D:\Users\viktitors\Documents\INGENIERÍA INFORMÁTICA\4º Ingeniería del Software\4.2 Ingeniería del Software\Trabajo Fin de Grado\proyecto2\TFG\src\app\services\sprintgoals.service.ts
FN:13,(anonymous_0)
FN:20,(anonymous_1)
FN:29,(anonymous_2)
FNF:3
FNH:3
FNDA:4,(anonymous_0)
FNDA:1,(anonymous_1)
FNDA:1,(anonymous_2)
DA:6,1
DA:11,1
DA:12,4
DA:13,4
DA:21,1
DA:30,1
LF:6
LH:6
BRF:0
BRH:0
end_of_record
TN:
SF:D:\Users\viktitors\Documents\INGENIERÍA INFORMÁTICA\4º Ingeniería del Software\4.2 Ingeniería del Software\Trabajo Fin de Grado\proyecto2\TFG\src\app\services\usuarios.service.ts
FN:13,(anonymous_0)
FN:21,(anonymous_1)
FN:31,(anonymous_2)
FN:41,(anonymous_3)
FN:51,(anonymous_4)
FN:61,(anonymous_5)
FN:75,(anonymous_6)
FN:85,(anonymous_7)
FN:96,(anonymous_8)
FNF:9
FNH:9
FNDA:18,(anonymous_0)
FNDA:2,(anonymous_1)
FNDA:3,(anonymous_2)
FNDA:1,(anonymous_3)
FNDA:3,(anonymous_4)
FNDA:1,(anonymous_5)
FNDA:1,(anonymous_6)
FNDA:1,(anonymous_7)
FNDA:1,(anonymous_8)
DA:6,1
DA:11,1
DA:12,18
DA:13,18
DA:22,2
DA:32,3
DA:42,1
DA:52,3
DA:62,1
DA:76,1
DA:87,1
DA:97,1
LF:12
LH:12
BRF:0
BRH:0
end_of_record
TN:
SF:D:\Users\viktitors\Documents\INGENIERÍA INFORMÁTICA\4º Ingeniería del Software\4.2 Ingeniería del Software\Trabajo Fin de Grado\proyecto2\TFG\src\app\shared\formatDataNumber.ts
FN:1,formatDataNumberStandardToFixed1
FNF:1
FNH:1
FNDA:6,formatDataNumberStandardToFixed1
DA:2,6
LF:1
LH:1
BRF:0
BRH:0
end_of_record
TN:
SF:D:\Users\viktitors\Documents\INGENIERÍA INFORMÁTICA\4º Ingeniería del Software\4.2 Ingeniería del Software\Trabajo Fin de Grado\proyecto2\TFG\src\app\shared\helperRoles.ts
FN:1,formatRoles
FNF:1
FNH:0
FNDA:0,formatRoles
DA:2,0
DA:3,0
DA:4,0
LF:3
LH:0
BRDA:2,0,0,0
BRDA:2,0,1,0
BRDA:3,1,0,0
BRDA:3,1,1,0
BRDA:4,2,0,0
BRDA:4,2,1,0
BRF:6
BRH:0
end_of_record
TN:
SF:D:\Users\viktitors\Documents\INGENIERÍA INFORMÁTICA\4º Ingeniería del Software\4.2 Ingeniería del Software\Trabajo Fin de Grado\proyecto2\TFG\src\app\shared\index.ts
FNF:0
FNH:0
LF:0
LH:0
BRF:0
BRH:0
end_of_record
TN:
SF:D:\Users\viktitors\Documents\INGENIERÍA INFORMÁTICA\4º Ingeniería del Software\4.2 Ingeniería del Software\Trabajo Fin de Grado\proyecto2\TFG\src\app\shared\shared.module.ts
FNF:0
FNH:0
DA:13,1
LF:1
LH:1
BRF:0
BRH:0
end_of_record
TN:
SF:D:\Users\viktitors\Documents\INGENIERÍA INFORMÁTICA\4º Ingeniería del Software\4.2 Ingeniería del Software\Trabajo Fin de Grado\proyecto2\TFG\src\app\shared\confirmDialog\confirmDialog.component.ts
FN:34,(anonymous_0)
FN:51,(anonymous_1)
FN:55,(anonymous_2)
FN:61,(anonymous_3)
FN:102,(anonymous_4)
FNF:5
FNH:0
FNDA:0,(anonymous_0)
FNDA:0,(anonymous_1)
FNDA:0,(anonymous_2)
FNDA:0,(anonymous_3)
FNDA:0,(anonymous_4)
DA:24,1
DA:32,0
DA:35,0
DA:36,0
DA:37,0
DA:38,0
DA:40,0
DA:41,0
DA:42,0
DA:43,0
DA:44,0
DA:52,0
DA:56,0
DA:63,0
DA:64,0
DA:67,0
DA:68,0
DA:69,0
DA:70,0
DA:71,0
DA:72,0
DA:76,0
DA:77,0
DA:78,0
DA:82,0
DA:84,0
DA:85,0
DA:88,0
DA:89,0
DA:90,0
DA:93,0
DA:103,0
LF:32
LH:1
BRDA:52,0,0,0
BRDA:52,0,1,0
BRDA:63,1,0,0
BRDA:63,1,1,0
BRDA:67,2,0,0
BRDA:67,2,1,0
BRDA:69,3,0,0
BRDA:69,3,1,0
BRDA:70,4,0,0
BRDA:70,4,1,0
BRDA:71,5,0,0
BRDA:71,5,1,0
BRDA:77,6,0,0
BRDA:77,6,1,0
BRDA:84,7,0,0
BRDA:84,7,1,0
BRDA:89,8,0,0
BRDA:89,8,1,0
BRF:18
BRH:0
end_of_record
TN:
SF:D:\Users\viktitors\Documents\INGENIERÍA INFORMÁTICA\4º Ingeniería del Software\4.2 Ingeniería del Software\Trabajo Fin de Grado\proyecto2\TFG\src\app\shared\loader\loader.component.ts
FN:14,(anonymous_0)
FN:16,(anonymous_1)
FNF:2
FNH:2
FNDA:10,(anonymous_0)
FNDA:10,(anonymous_1)
DA:8,1
DA:9,10
DA:10,10
DA:11,10
DA:12,1
LF:5
LH:5
BRF:0
BRH:0
end_of_record
TN:
SF:D:\Users\viktitors\Documents\INGENIERÍA INFORMÁTICA\4º Ingeniería del Software\4.2 Ingeniería del Software\Trabajo Fin de Grado\proyecto2\TFG\src\app\shared\truncatePipe\truncatePipe.module.ts
FNF:0
FNH:0
DA:10,1
LF:1
LH:1
BRF:0
BRH:0
end_of_record
TN:
SF:D:\Users\viktitors\Documents\INGENIERÍA INFORMÁTICA\4º Ingeniería del Software\4.2 Ingeniería del Software\Trabajo Fin de Grado\proyecto2\TFG\src\app\shared\truncatePipe\truncatePipe.ts
FN:7,(anonymous_0)
FNF:1
FNH:0
FNDA:0,(anonymous_0)
DA:6,1
DA:10,0
DA:11,0
DA:13,0
LF:4
LH:1
BRDA:10,0,0,0
BRDA:10,0,1,0
BRDA:13,1,0,0
BRDA:13,1,1,0
BRF:4
BRH:0
end_of_record
TN:
SF:D:\Users\viktitors\Documents\INGENIERÍA INFORMÁTICA\4º Ingeniería del Software\4.2 Ingeniería del Software\Trabajo Fin de Grado\proyecto2\TFG\src\app\shell\shell.component.ts
FN:16,(anonymous_0)
FN:18,(anonymous_1)
FN:23,(anonymous_2)
FN:23,(anonymous_3)
FN:26,(anonymous_4)
FN:29,(anonymous_5)
FNF:6
FNH:6
FNDA:1,(anonymous_0)
FNDA:1,(anonymous_1)
FNDA:1,(anonymous_2)
FNDA:2,(anonymous_3)
FNDA:1,(anonymous_4)
FNDA:1,(anonymous_5)
DA:13,1
DA:14,1
DA:16,1
DA:20,1
DA:23,2
DA:26,1
LF:6
LH:6
BRDA:23,0,0,2
BRDA:23,0,1,2
BRF:2
BRH:2
end_of_record
TN:
SF:D:\Users\viktitors\Documents\INGENIERÍA INFORMÁTICA\4º Ingeniería del Software\4.2 Ingeniería del Software\Trabajo Fin de Grado\proyecto2\TFG\src\app\shell\shell.service.ts
FN:15,(anonymous_0)
FNF:1
FNH:1
FNDA:1,(anonymous_0)
DA:16,1
LF:1
LH:1
BRF:0
BRH:0
end_of_record
TN:
SF:D:\Users\viktitors\Documents\INGENIERÍA INFORMÁTICA\4º Ingeniería del Software\4.2 Ingeniería del Software\Trabajo Fin de Grado\proyecto2\TFG\src\app\shell\header\header.component.ts
FN:29,(anonymous_0)
FN:40,(anonymous_1)
FN:44,(anonymous_2)
FN:50,(anonymous_3)
FN:55,(anonymous_4)
FN:61,(anonymous_5)
FN:62,(anonymous_6)
FN:83,(anonymous_7)
FN:88,(anonymous_8)
FN:106,(anonymous_9)
FN:114,(anonymous_10)
FN:118,(anonymous_11)
FN:119,(anonymous_12)
FN:125,(anonymous_13)
FN:129,(anonymous_14)
FN:133,(anonymous_15)
FN:138,(anonymous_16)
FN:142,(anonymous_17)
FN:147,(anonymous_18)
FNF:19
FNH:7
FNDA:2,(anonymous_0)
FNDA:2,(anonymous_1)
FNDA:2,(anonymous_2)
FNDA:0,(anonymous_3)
FNDA:0,(anonymous_4)
FNDA:0,(anonymous_5)
FNDA:0,(anonymous_6)
FNDA:0,(anonymous_7)
FNDA:0,(anonymous_8)
FNDA:0,(anonymous_9)
FNDA:0,(anonymous_10)
FNDA:0,(anonymous_11)
FNDA:0,(anonymous_12)
FNDA:0,(anonymous_13)
FNDA:0,(anonymous_14)
FNDA:4,(anonymous_15)
FNDA:4,(anonymous_16)
FNDA:2,(anonymous_17)
FNDA:2,(anonymous_18)
DA:20,1
DA:21,1
DA:23,2
DA:25,2
DA:30,2
DA:31,2
DA:32,2
DA:33,2
DA:34,2
DA:35,2
DA:36,2
DA:37,2
DA:41,2
DA:47,2
DA:51,0
DA:57,0
DA:58,0
DA:62,0
DA:63,0
DA:64,0
DA:65,0
DA:66,0
DA:67,0
DA:69,0
DA:72,0
DA:76,0
DA:77,0
DA:78,0
DA:79,0
DA:82,0
DA:83,0
DA:84,0
DA:85,0
DA:87,0
DA:88,0
DA:89,0
DA:91,0
DA:92,0
DA:97,0
DA:98,0
DA:104,0
DA:107,0
DA:115,0
DA:119,0
DA:120,0
DA:121,0
DA:126,0
DA:130,0
DA:134,4
DA:135,4
DA:139,4
DA:143,2
DA:144,2
LF:53
LH:19
BRDA:65,0,0,0
BRDA:65,0,1,0
BRDA:84,1,0,0
BRDA:84,1,1,0
BRDA:91,2,0,0
BRDA:91,2,1,0
BRDA:91,3,0,0
BRDA:91,3,1,0
BRDA:97,4,0,0
BRDA:97,4,1,0
BRDA:97,5,0,0
BRDA:97,5,1,0
BRDA:135,6,0,4
BRDA:135,6,1,0
BRDA:144,7,0,2
BRDA:144,7,1,0
BRF:16
BRH:2
end_of_record
TN:
SF:D:\Users\viktitors\Documents\INGENIERÍA INFORMÁTICA\4º Ingeniería del Software\4.2 Ingeniería del Software\Trabajo Fin de Grado\proyecto2\TFG\src\app\shell\header\favoritosDialog\favoritosDialog.component.ts
FN:16,(anonymous_0)
FN:24,(anonymous_1)
FN:26,(anonymous_2)
FN:32,(anonymous_3)
FN:37,(anonymous_4)
FN:47,(anonymous_5)
FNF:6
FNH:0
FNDA:0,(anonymous_0)
FNDA:0,(anonymous_1)
FNDA:0,(anonymous_2)
FNDA:0,(anonymous_3)
FNDA:0,(anonymous_4)
FNDA:0,(anonymous_5)
DA:11,1
DA:14,0
DA:17,0
DA:18,0
DA:19,0
DA:21,0
DA:27,0
DA:33,0
DA:34,0
DA:40,0
DA:44,0
DA:48,0
LF:12
LH:1
BRF:0
BRH:0
end_of_record
TN:
SF:D:\Users\viktitors\Documents\INGENIERÍA INFORMÁTICA\4º Ingeniería del Software\4.2 Ingeniería del Software\Trabajo Fin de Grado\proyecto2\TFG\src\environments\environment.ts
FNF:0
FNH:0
DA:13,1
LF:1
LH:1
BRF:0
BRH:0
end_of_record
